#
# There is insufficient memory for the Java Runtime Environment to continue.
# Native memory allocation (malloc) failed to allocate 1075056 bytes. Error detail: Chunk::new
# Possible reasons:
#   The system is out of physical RAM or swap space
#   This process is running with CompressedOops enabled, and the Java Heap may be blocking the growth of the native heap
# Possible solutions:
#   Reduce memory load on the system
#   Increase physical memory or swap space
#   Check if swap backing store is full
#   Decrease Java heap size (-Xmx/-Xms)
#   Decrease number of Java threads
#   Decrease Java thread stack sizes (-Xss)
#   Set larger code cache with -XX:ReservedCodeCacheSize=
#   JVM is running with Unscaled Compressed Oops mode in which the Java heap is
#     placed in the first 4GB address space. The Java Heap base address is the
#     maximum limit for the native heap growth. Please use -XX:HeapBaseMinAddress
#     to set the Java Heap base and to place the Java Heap above 4GB virtual address.
# This output file may be truncated or incomplete.
#
#  Out of Memory Error (arena.cpp:191), pid=2576, tid=7840
#
# JRE version: OpenJDK Runtime Environment (17.0.11) (build 17.0.11+0--11852314)
# Java VM: OpenJDK 64-Bit Server VM (17.0.11+0--11852314, mixed mode, tiered, compressed oops, compressed class ptrs, g1 gc, windows-amd64)
# No core dump will be written. Minidumps are not enabled by default on client versions of Windows
#

---------------  S U M M A R Y ------------

Command Line: --add-opens=java.base/java.util=ALL-UNNAMED --add-opens=java.base/java.lang=ALL-UNNAMED --add-opens=java.base/java.lang.invoke=ALL-UNNAMED --add-opens=java.prefs/java.util.prefs=ALL-UNNAMED --add-opens=java.base/java.nio.charset=ALL-UNNAMED --add-opens=java.base/java.net=ALL-UNNAMED --add-opens=java.base/java.util.concurrent.atomic=ALL-UNNAMED -Xmx2048m -Dfile.encoding=UTF-8 -Duser.country=RU -Duser.language=ru -Duser.variant -javaagent:C:\Users\HP 15-cx0098ur\.gradle\wrapper\dists\gradle-8.7-bin\bhs2wmbdwecv87pi65oeuq5iu\gradle-8.7\lib\agents\gradle-instrumentation-agent-8.7.jar org.gradle.launcher.daemon.bootstrap.GradleDaemon 8.7

Host: Intel(R) Core(TM) i5-8300H CPU @ 2.30GHz, 8 cores, 11G,  Windows 11 , 64 bit Build 22621 (10.0.22621.4391)
Time: Wed Jan  1 07:19:44 2025 RTZ 2 (s 11 , 64 bit Build 22621 (10.0.22621.4391) elapsed time: 263.671907 seconds (0d 0h 4m 23s)

---------------  T H R E A D  ---------------

Current thread (0x000002a9e5297080):  JavaThread "C2 CompilerThread0" daemon [_thread_in_native, id=7840, stack(0x000000db31200000,0x000000db31300000)]


Current CompileTask:
C2: 263672 16706       4       org.gradle.api.internal.tasks.compile.incremental.serialization.HierarchicalNameSerializer::readName (51 bytes)

Stack: [0x000000db31200000,0x000000db31300000]
Native frames: (J=compiled Java code, j=interpreted, Vv=VM code, C=native code)
V  [jvm.dll+0x687bb9]
V  [jvm.dll+0x84142a]
V  [jvm.dll+0x8430ae]
V  [jvm.dll+0x843713]
V  [jvm.dll+0x24a35f]
V  [jvm.dll+0xac544]
V  [jvm.dll+0xacb8c]
V  [jvm.dll+0x2b194f]
V  [jvm.dll+0x58eba7]
V  [jvm.dll+0x2247e2]
V  [jvm.dll+0x21da52]
V  [jvm.dll+0x21b201]
V  [jvm.dll+0x1a63ed]
V  [jvm.dll+0x22b1ee]
V  [jvm.dll+0x229375]
V  [jvm.dll+0x7f5647]
V  [jvm.dll+0x7efa4a]
V  [jvm.dll+0x686a35]
C  [ucrtbase.dll+0x29333]
C  [KERNEL32.DLL+0x1259d]
C  [ntdll.dll+0x5af38]


---------------  P R O C E S S  ---------------

Threads class SMR info:
_java_thread_list=0x000002a9efdecca0, length=99, elements={
0x000002a9c929f250, 0x000002a9e5261020, 0x000002a9e5261db0, 0x000002a9e5291000,
0x000002a9e5291d90, 0x000002a9e52959d0, 0x000002a9e5296390, 0x000002a9e5297080,
0x000002a9e5298870, 0x000002a9e52b57e0, 0x000002a9e53a5050, 0x000002a9e54c0070,
0x000002a9eba0a070, 0x000002a9ec7e67a0, 0x000002a9ebe40940, 0x000002a9e5bbeb80,
0x000002a9e5bc09e0, 0x000002a9e5bc0ef0, 0x000002a9e5bc1e20, 0x000002a9e5bc2330,
0x000002a9ee61cec0, 0x000002a9ec6e3650, 0x000002a9f09dcfe0, 0x000002a9f09de420,
0x000002a9f09d9830, 0x000002a9f0661810, 0x000002a9f065e060, 0x000002a9f0664ab0,
0x000002a9f065ef90, 0x000002a9f0661d20, 0x000002a9f0662230, 0x000002a9f0663160,
0x000002a9f0663b80, 0x000002a9f065fec0, 0x000002a9f06603d0, 0x000002a9f0662740,
0x000002a9f0662c50, 0x000002a9f065f4a0, 0x000002a9f065f9b0, 0x000002a9f0664090,
0x000002a9f0664fc0, 0x000002a9f06659e0, 0x000002a9f065e570, 0x000002a9f065ea80,
0x000002a9f09dfd70, 0x000002a9f09dd4f0, 0x000002a9f09e11b0, 0x000002a9f09dda00,
0x000002a9f09de930, 0x000002a9f09e0280, 0x000002a9f09e0790, 0x000002a9f09da250,
0x000002a9f09da760, 0x000002a9f09dac70, 0x000002a9f09db180, 0x000002a9f09db690,
0x000002a9f09dc0b0, 0x000002a9f09dc5c0, 0x000002a9f09dcad0, 0x000002a9ee82dc20,
0x000002a9ee82a980, 0x000002a9ee82ccf0, 0x000002a9ee82d200, 0x000002a9ee828610,
0x000002a9ee829a50, 0x000002a9ee82e130, 0x000002a9ee82eb50, 0x000002a9ee8276e0,
0x000002a9ee828b20, 0x000002a9ee82f060, 0x000002a9ee82b8b0, 0x000002a9ee828100,
0x000002a9ee829f60, 0x000002a9ee82ae90, 0x000002a9ee82bdc0, 0x000002a9ee82c2d0,
0x000002a9ee82c7e0, 0x000002a9ec6dfea0, 0x000002a9ec6dea60, 0x000002a9ec6df990,
0x000002a9ec6dd110, 0x000002a9ec6e2c30, 0x000002a9ec6dd620, 0x000002a9ec6ddb30,
0x000002a9ec6def70, 0x000002a9ec6e3140, 0x000002a9ec6e08c0, 0x000002a9ec6e0dd0,
0x000002a9ee61d3d0, 0x000002a9eba1b8a0, 0x000002a9ee61d8e0, 0x000002a9ee61ddf0,
0x000002a9ee61e300, 0x000002a9ee61e810, 0x000002a9ee61b060, 0x000002a9ee61bf90,
0x000002a9ee61b570, 0x000002a9ee61ba80, 0x000002a9eba168f0
}

Java Threads: ( => current thread )
  0x000002a9c929f250 JavaThread "main" [_thread_blocked, id=8372, stack(0x000000db30500000,0x000000db30600000)]
  0x000002a9e5261020 JavaThread "Reference Handler" daemon [_thread_blocked, id=14368, stack(0x000000db30c00000,0x000000db30d00000)]
  0x000002a9e5261db0 JavaThread "Finalizer" daemon [_thread_blocked, id=17252, stack(0x000000db30d00000,0x000000db30e00000)]
  0x000002a9e5291000 JavaThread "Signal Dispatcher" daemon [_thread_blocked, id=17668, stack(0x000000db30e00000,0x000000db30f00000)]
  0x000002a9e5291d90 JavaThread "Attach Listener" daemon [_thread_blocked, id=4712, stack(0x000000db30f00000,0x000000db31000000)]
  0x000002a9e52959d0 JavaThread "Service Thread" daemon [_thread_blocked, id=12060, stack(0x000000db31000000,0x000000db31100000)]
  0x000002a9e5296390 JavaThread "Monitor Deflation Thread" daemon [_thread_blocked, id=17584, stack(0x000000db31100000,0x000000db31200000)]
=>0x000002a9e5297080 JavaThread "C2 CompilerThread0" daemon [_thread_in_native, id=7840, stack(0x000000db31200000,0x000000db31300000)]
  0x000002a9e5298870 JavaThread "C1 CompilerThread0" daemon [_thread_in_native, id=17168, stack(0x000000db31300000,0x000000db31400000)]
  0x000002a9e52b57e0 JavaThread "Sweeper thread" daemon [_thread_blocked, id=8436, stack(0x000000db31400000,0x000000db31500000)]
  0x000002a9e53a5050 JavaThread "Common-Cleaner" daemon [_thread_blocked, id=11432, stack(0x000000db31500000,0x000000db31600000)]
  0x000002a9e54c0070 JavaThread "Notification Thread" daemon [_thread_blocked, id=2612, stack(0x000000db31600000,0x000000db31700000)]
  0x000002a9eba0a070 JavaThread "Daemon health stats" [_thread_blocked, id=8776, stack(0x000000db31e00000,0x000000db31f00000)]
  0x000002a9ec7e67a0 JavaThread "Incoming local TCP Connector on port 59318" [_thread_in_native, id=18292, stack(0x000000db31d00000,0x000000db31e00000)]
  0x000002a9ebe40940 JavaThread "Daemon periodic checks" [_thread_blocked, id=16804, stack(0x000000db31f00000,0x000000db32000000)]
  0x000002a9e5bbeb80 JavaThread "Cache worker for journal cache (C:\Users\HP 15-cx0098ur\.gradle\caches\journal-1)" [_thread_blocked, id=18220, stack(0x000000db32b00000,0x000000db32c00000)]
  0x000002a9e5bc09e0 JavaThread "File lock request listener" [_thread_in_native, id=2928, stack(0x000000db32c00000,0x000000db32d00000)]
  0x000002a9e5bc0ef0 JavaThread "Cache worker for file hash cache (C:\Users\HP 15-cx0098ur\.gradle\caches\8.7\fileHashes)" [_thread_blocked, id=17112, stack(0x000000db32d00000,0x000000db32e00000)]
  0x000002a9e5bc1e20 JavaThread "File watcher server" daemon [_thread_in_native, id=4504, stack(0x000000db33000000,0x000000db33100000)]
  0x000002a9e5bc2330 JavaThread "File watcher consumer" daemon [_thread_blocked, id=2792, stack(0x000000db33100000,0x000000db33200000)]
  0x000002a9ee61cec0 JavaThread "Cache worker for file content cache (C:\Users\HP 15-cx0098ur\.gradle\caches\8.7\fileContent)" [_thread_blocked, id=4796, stack(0x000000db33500000,0x000000db33600000)]
  0x000002a9ec6e3650 JavaThread "Memory manager" [_thread_blocked, id=10736, stack(0x000000db34500000,0x000000db34600000)]
  0x000002a9f09dcfe0 JavaThread "ForkJoinPool.commonPool-worker-4" daemon [_thread_blocked, id=9176, stack(0x000000db39900000,0x000000db39a00000)]
  0x000002a9f09de420 JavaThread "ForkJoinPool.commonPool-worker-5" daemon [_thread_blocked, id=12104, stack(0x000000db39a00000,0x000000db39b00000)]
  0x000002a9f09d9830 JavaThread "ForkJoinPool.commonPool-worker-7" daemon [_thread_blocked, id=16288, stack(0x000000db39c00000,0x000000db39d00000)]
  0x000002a9f0661810 JavaThread "Daemon Thread 2" [_thread_blocked, id=19044, stack(0x000000db30200000,0x000000db30300000)]
  0x000002a9f065e060 JavaThread "Handler for socket connection from /127.0.0.1:59318 to /127.0.0.1:59440" [_thread_in_native, id=18784, stack(0x000000db30300000,0x000000db30400000)]
  0x000002a9f0664ab0 JavaThread "Cancel handler" [_thread_blocked, id=7472, stack(0x000000db30400000,0x000000db30500000)]
  0x000002a9f065ef90 JavaThread "Daemon worker Thread 2" [_thread_blocked, id=18888, stack(0x000000db31800000,0x000000db31900000)]
  0x000002a9f0661d20 JavaThread "Asynchronous log dispatcher for DefaultDaemonConnection: socket connection from /127.0.0.1:59318 to /127.0.0.1:59440" [_thread_blocked, id=5672, stack(0x000000db32000000,0x000000db32100000)]
  0x000002a9f0662230 JavaThread "Stdin handler" [_thread_blocked, id=17704, stack(0x000000db32300000,0x000000db32400000)]
  0x000002a9f0663160 JavaThread "Daemon client event forwarder" [_thread_blocked, id=18164, stack(0x000000db32400000,0x000000db32500000)]
  0x000002a9f0663b80 JavaThread "Cache worker for file hash cache (C:\Users\HP 15-cx0098ur\AndroidStudioProjects\MyApplication2\.gradle\8.7\fileHashes)" [_thread_blocked, id=4164, stack(0x000000db32500000,0x000000db32600000)]
  0x000002a9f065fec0 JavaThread "Cache worker for checksums cache (C:\Users\HP 15-cx0098ur\AndroidStudioProjects\MyApplication2\.gradle\8.7\checksums)" [_thread_blocked, id=4016, stack(0x000000db32f00000,0x000000db33000000)]
  0x000002a9f06603d0 JavaThread "Cache worker for cache directory md-supplier (C:\Users\HP 15-cx0098ur\.gradle\caches\8.7\md-supplier)" [_thread_blocked, id=7096, stack(0x000000db33200000,0x000000db33300000)]
  0x000002a9f0662740 JavaThread "Cache worker for cache directory md-rule (C:\Users\HP 15-cx0098ur\.gradle\caches\8.7\md-rule)" [_thread_blocked, id=8216, stack(0x000000db33300000,0x000000db33400000)]
  0x000002a9f0662c50 JavaThread "Cache worker for Build Output Cleanup Cache (C:\Users\HP 15-cx0098ur\AndroidStudioProjects\MyApplication2\.gradle\buildOutputCleanup)" [_thread_blocked, id=18724, stack(0x000000db33400000,0x000000db33500000)]
  0x000002a9f065f4a0 JavaThread "Unconstrained build operations" [_thread_blocked, id=5440, stack(0x000000db33600000,0x000000db33700000)]
  0x000002a9f065f9b0 JavaThread "Unconstrained build operations Thread 2" [_thread_blocked, id=8860, stack(0x000000db33700000,0x000000db33800000)]
  0x000002a9f0664090 JavaThread "Unconstrained build operations Thread 3" [_thread_blocked, id=836, stack(0x000000db33800000,0x000000db33900000)]
  0x000002a9f0664fc0 JavaThread "Unconstrained build operations Thread 4" [_thread_blocked, id=6772, stack(0x000000db33900000,0x000000db33a00000)]
  0x000002a9f06659e0 JavaThread "Unconstrained build operations Thread 5" [_thread_blocked, id=10336, stack(0x000000db33a00000,0x000000db33b00000)]
  0x000002a9f065e570 JavaThread "Unconstrained build operations Thread 6" [_thread_blocked, id=18376, stack(0x000000db33b00000,0x000000db33c00000)]
  0x000002a9f065ea80 JavaThread "Unconstrained build operations Thread 7" [_thread_blocked, id=18756, stack(0x000000db33c00000,0x000000db33d00000)]
  0x000002a9f09dfd70 JavaThread "build event listener" [_thread_blocked, id=3776, stack(0x000000db33d00000,0x000000db33e00000)]
  0x000002a9f09dd4f0 JavaThread "build event listener" [_thread_blocked, id=12068, stack(0x000000db33e00000,0x000000db33f00000)]
  0x000002a9f09e11b0 JavaThread "included builds" [_thread_blocked, id=4644, stack(0x000000db33f00000,0x000000db34000000)]
  0x000002a9f09dda00 JavaThread "Execution worker" [_thread_blocked, id=6372, stack(0x000000db34000000,0x000000db34100000)]
  0x000002a9f09de930 JavaThread "Execution worker Thread 2" [_thread_in_native, id=6572, stack(0x000000db34100000,0x000000db34200000)]
  0x000002a9f09e0280 JavaThread "Execution worker Thread 3" [_thread_blocked, id=8404, stack(0x000000db34200000,0x000000db34300000)]
  0x000002a9f09e0790 JavaThread "Execution worker Thread 4" [_thread_blocked, id=16892, stack(0x000000db34300000,0x000000db34400000)]
  0x000002a9f09da250 JavaThread "Execution worker Thread 5" [_thread_blocked, id=13088, stack(0x000000db34400000,0x000000db34500000)]
  0x000002a9f09da760 JavaThread "Execution worker Thread 6" [_thread_blocked, id=18656, stack(0x000000db34600000,0x000000db34700000)]
  0x000002a9f09dac70 JavaThread "Execution worker Thread 7" [_thread_blocked, id=15224, stack(0x000000db34700000,0x000000db34800000)]
  0x000002a9f09db180 JavaThread "Cache worker for execution history cache (C:\Users\HP 15-cx0098ur\AndroidStudioProjects\MyApplication2\.gradle\8.7\executionHistory)" [_thread_blocked, id=2816, stack(0x000000db34800000,0x000000db34900000)]
  0x000002a9f09db690 JavaThread "Unconstrained build operations Thread 8" [_thread_blocked, id=4320, stack(0x000000db34900000,0x000000db34a00000)]
  0x000002a9f09dc0b0 JavaThread "Unconstrained build operations Thread 9" [_thread_blocked, id=16376, stack(0x000000db34a00000,0x000000db34b00000)]
  0x000002a9f09dc5c0 JavaThread "Unconstrained build operations Thread 10" [_thread_blocked, id=6376, stack(0x000000db34b00000,0x000000db34c00000)]
  0x000002a9f09dcad0 JavaThread "Unconstrained build operations Thread 11" [_thread_blocked, id=17396, stack(0x000000db34c00000,0x000000db34d00000)]
  0x000002a9ee82dc20 JavaThread "Unconstrained build operations Thread 12" [_thread_blocked, id=16264, stack(0x000000db34d00000,0x000000db34e00000)]
  0x000002a9ee82a980 JavaThread "Unconstrained build operations Thread 13" [_thread_blocked, id=15868, stack(0x000000db34e00000,0x000000db34f00000)]
  0x000002a9ee82ccf0 JavaThread "Unconstrained build operations Thread 14" [_thread_blocked, id=18476, stack(0x000000db34f00000,0x000000db35000000)]
  0x000002a9ee82d200 JavaThread "Unconstrained build operations Thread 15" [_thread_blocked, id=11428, stack(0x000000db35000000,0x000000db35100000)]
  0x000002a9ee828610 JavaThread "Unconstrained build operations Thread 16" [_thread_blocked, id=19068, stack(0x000000db35100000,0x000000db35200000)]
  0x000002a9ee829a50 JavaThread "Unconstrained build operations Thread 17" [_thread_blocked, id=5356, stack(0x000000db35200000,0x000000db35300000)]
  0x000002a9ee82e130 JavaThread "Unconstrained build operations Thread 18" [_thread_blocked, id=19016, stack(0x000000db35300000,0x000000db35400000)]
  0x000002a9ee82eb50 JavaThread "Unconstrained build operations Thread 19" [_thread_blocked, id=4916, stack(0x000000db35400000,0x000000db35500000)]
  0x000002a9ee8276e0 JavaThread "Unconstrained build operations Thread 20" [_thread_blocked, id=4780, stack(0x000000db35500000,0x000000db35600000)]
  0x000002a9ee828b20 JavaThread "Unconstrained build operations Thread 21" [_thread_blocked, id=8532, stack(0x000000db35600000,0x000000db35700000)]
  0x000002a9ee82f060 JavaThread "Unconstrained build operations Thread 22" [_thread_blocked, id=1736, stack(0x000000db35700000,0x000000db35800000)]
  0x000002a9ee82b8b0 JavaThread "Unconstrained build operations Thread 23" [_thread_blocked, id=17084, stack(0x000000db35800000,0x000000db35900000)]
  0x000002a9ee828100 JavaThread "Unconstrained build operations Thread 24" [_thread_blocked, id=2100, stack(0x000000db35900000,0x000000db35a00000)]
  0x000002a9ee829f60 JavaThread "Unconstrained build operations Thread 25" [_thread_blocked, id=2468, stack(0x000000db35a00000,0x000000db35b00000)]
  0x000002a9ee82ae90 JavaThread "Unconstrained build operations Thread 26" [_thread_blocked, id=15384, stack(0x000000db35b00000,0x000000db35c00000)]
  0x000002a9ee82bdc0 JavaThread "Unconstrained build operations Thread 27" [_thread_blocked, id=15884, stack(0x000000db35c00000,0x000000db35d00000)]
  0x000002a9ee82c2d0 JavaThread "Unconstrained build operations Thread 28" [_thread_blocked, id=1900, stack(0x000000db35d00000,0x000000db35e00000)]
  0x000002a9ee82c7e0 JavaThread "Unconstrained build operations Thread 29" [_thread_blocked, id=2248, stack(0x000000db35e00000,0x000000db35f00000)]
  0x000002a9ec6dfea0 JavaThread "Unconstrained build operations Thread 30" [_thread_blocked, id=14300, stack(0x000000db35f00000,0x000000db36000000)]
  0x000002a9ec6dea60 JavaThread "WorkerExecutor Queue" [_thread_blocked, id=18112, stack(0x000000db36000000,0x000000db36100000)]
  0x000002a9ec6df990 JavaThread "Unconstrained build operations Thread 31" [_thread_blocked, id=2844, stack(0x000000db36100000,0x000000db36200000)]
  0x000002a9ec6dd110 JavaThread "Unconstrained build operations Thread 32" [_thread_blocked, id=8648, stack(0x000000db36200000,0x000000db36300000)]
  0x000002a9ec6e2c30 JavaThread "Unconstrained build operations Thread 33" [_thread_blocked, id=15336, stack(0x000000db36300000,0x000000db36400000)]
  0x000002a9ec6dd620 JavaThread "Unconstrained build operations Thread 34" [_thread_blocked, id=5636, stack(0x000000db36400000,0x000000db36500000)]
  0x000002a9ec6ddb30 JavaThread "RMI Scheduler(0)" daemon [_thread_blocked, id=17116, stack(0x000000db36500000,0x000000db36600000)]
  0x000002a9ec6def70 JavaThread "RMI RenewClean-[127.0.0.1:17220,org.jetbrains.kotlin.daemon.common.LoopbackNetworkInterface$ClientLoopbackSocketFactory@7efcbe7]" daemon [_thread_blocked, id=13600, stack(0x000000db36600000,0x000000db36700000)]
  0x000002a9ec6e3140 JavaThread "RMI GC Daemon" daemon [_thread_blocked, id=11984, stack(0x000000db36700000,0x000000db36800000)]
  0x000002a9ec6e08c0 JavaThread "RMI TCP Accept-0" daemon [_thread_in_native, id=18776, stack(0x000000db36800000,0x000000db36900000)]
  0x000002a9ec6e0dd0 JavaThread "RMI Reaper" [_thread_blocked, id=19416, stack(0x000000db36900000,0x000000db36a00000)]
  0x000002a9ee61d3d0 JavaThread "RMI TCP Connection(1)-127.0.0.1" daemon [_thread_in_native, id=7800, stack(0x000000db36a00000,0x000000db36b00000)]
  0x000002a9eba1b8a0 JavaThread "C2 CompilerThread1" daemon [_thread_in_native, id=19392, stack(0x000000db32600000,0x000000db32700000)]
  0x000002a9ee61d8e0 JavaThread "Cache worker for Java compile cache (C:\Users\HP 15-cx0098ur\.gradle\caches\8.7\javaCompile)" [_thread_blocked, id=2884, stack(0x000000db32e00000,0x000000db32f00000)]
  0x000002a9ee61ddf0 JavaThread "Build operations" [_thread_blocked, id=17100, stack(0x000000db36b00000,0x000000db36c00000)]
  0x000002a9ee61e300 JavaThread "Build operations Thread 2" [_thread_blocked, id=9128, stack(0x000000db36c00000,0x000000db36d00000)]
  0x000002a9ee61e810 JavaThread "Build operations Thread 3" [_thread_blocked, id=2748, stack(0x000000db36d00000,0x000000db36e00000)]
  0x000002a9ee61b060 JavaThread "Build operations Thread 4" [_thread_blocked, id=19444, stack(0x000000db36e00000,0x000000db36f00000)]
  0x000002a9ee61bf90 JavaThread "Build operations Thread 5" [_thread_blocked, id=2416, stack(0x000000db36f00000,0x000000db37000000)]
  0x000002a9ee61b570 JavaThread "Build operations Thread 6" [_thread_blocked, id=7248, stack(0x000000db37000000,0x000000db37100000)]
  0x000002a9ee61ba80 JavaThread "Build operations Thread 7" [_thread_blocked, id=19228, stack(0x000000db37100000,0x000000db37200000)]
  0x000002a9eba168f0 JavaThread "C2 CompilerThread2" daemon [_thread_in_native, id=11972, stack(0x000000db37200000,0x000000db37300000)]

Other Threads:
  0x000002a9e50b5450 VMThread "VM Thread" [stack: 0x000000db30b00000,0x000000db30c00000] [id=19076]
  0x000002a9c92a00d0 WatcherThread [stack: 0x000000db31700000,0x000000db31800000] [id=8608]
  0x000002a9c92fb200 GCTaskThread "GC Thread#0" [stack: 0x000000db30600000,0x000000db30700000] [id=9420]
  0x000002a9ea48e830 GCTaskThread "GC Thread#1" [stack: 0x000000db31a00000,0x000000db31b00000] [id=4496]
  0x000002a9ea48eaf0 GCTaskThread "GC Thread#2" [stack: 0x000000db31b00000,0x000000db31c00000] [id=11180]
  0x000002a9e5967830 GCTaskThread "GC Thread#3" [stack: 0x000000db31c00000,0x000000db31d00000] [id=19232]
  0x000002a9eacde060 GCTaskThread "GC Thread#4" [stack: 0x000000db31900000,0x000000db31a00000] [id=12092]
  0x000002a9ebe40e20 GCTaskThread "GC Thread#5" [stack: 0x000000db32700000,0x000000db32800000] [id=4108]
  0x000002a9e59eb7e0 GCTaskThread "GC Thread#6" [stack: 0x000000db32800000,0x000000db32900000] [id=10612]
  0x000002a9ec7e6050 GCTaskThread "GC Thread#7" [stack: 0x000000db32900000,0x000000db32a00000] [id=18180]
  0x000002a9c930c150 ConcurrentGCThread "G1 Main Marker" [stack: 0x000000db30700000,0x000000db30800000] [id=3652]
  0x000002a9c930cb70 ConcurrentGCThread "G1 Conc#0" [stack: 0x000000db30800000,0x000000db30900000] [id=6308]
  0x000002a9eabd0bf0 ConcurrentGCThread "G1 Conc#1" [stack: 0x000000db32a00000,0x000000db32b00000] [id=10532]
  0x000002a9c934db70 ConcurrentGCThread "G1 Refine#0" [stack: 0x000000db30900000,0x000000db30a00000] [id=9392]
  0x000002a9c934e5a0 ConcurrentGCThread "G1 Service" [stack: 0x000000db30a00000,0x000000db30b00000] [id=9020]

Threads with active compile tasks:
C2 CompilerThread0   263711 16706       4       org.gradle.api.internal.tasks.compile.incremental.serialization.HierarchicalNameSerializer::readName (51 bytes)
C1 CompilerThread0   263711 16788   !   3       java.util.concurrent.LinkedBlockingQueue::offer (131 bytes)
C2 CompilerThread1   263711 16725       4       org.gradle.api.internal.tasks.compile.incremental.serialization.HierarchicalNameSerializer::read (20 bytes)
C2 CompilerThread2   263711 16720       4       org.gradle.api.internal.tasks.compile.incremental.serialization.HierarchicalNameSerializer::readFirstOccurrenceOfName (60 bytes)

VM state: not at safepoint (normal execution)

VM Mutex/Monitor currently owned by a thread: None

Heap address: 0x0000000080000000, size: 2048 MB, Compressed Oops mode: 32-bit

CDS archive(s) not mapped
Compressed class space mapped at: 0x0000000100000000-0x0000000140000000, reserved size: 1073741824
Narrow klass base: 0x0000000000000000, Narrow klass shift: 3, Narrow klass range: 0x140000000

GC Precious Log:
 CPUs: 8 total, 8 available
 Memory: 12169M
 Large Page Support: Disabled
 NUMA Support: Disabled
 Compressed Oops: Enabled (32-bit)
 Heap Region Size: 1M
 Heap Min Capacity: 8M
 Heap Initial Capacity: 192M
 Heap Max Capacity: 2G
 Pre-touch: Disabled
 Parallel Workers: 8
 Concurrent Workers: 2
 Concurrent Refinement Workers: 8
 Periodic GC: Disabled

Heap:
 garbage-first heap   total 254976K, used 173186K [0x0000000080000000, 0x0000000100000000)
  region size 1024K, 54 young (55296K), 11 survivors (11264K)
 Metaspace       used 120300K, committed 121216K, reserved 1179648K
  class space    used 16380K, committed 16832K, reserved 1048576K

Heap Regions: E=young(eden), S=young(survivor), O=old, HS=humongous(starts), HC=humongous(continues), CS=collection set, F=free, OA=open archive, CA=closed archive, TAMS=top-at-mark-start (previous, next)
|   0|0x0000000080000000, 0x0000000080100000, 0x0000000080100000|100%|HS|  |TAMS 0x0000000080100000, 0x0000000080000000| Complete 
|   1|0x0000000080100000, 0x0000000080200000, 0x0000000080200000|100%|HC|  |TAMS 0x0000000080200000, 0x0000000080100000| Complete 
|   2|0x0000000080200000, 0x0000000080300000, 0x0000000080300000|100%|HC|  |TAMS 0x0000000080300000, 0x0000000080200000| Complete 
|   3|0x0000000080300000, 0x0000000080400000, 0x0000000080400000|100%|HC|  |TAMS 0x0000000080400000, 0x0000000080300000| Complete 
|   4|0x0000000080400000, 0x0000000080500000, 0x0000000080500000|100%| O|  |TAMS 0x0000000080500000, 0x0000000080400000| Untracked 
|   5|0x0000000080500000, 0x0000000080600000, 0x0000000080600000|100%| O|  |TAMS 0x0000000080600000, 0x0000000080500000| Untracked 
|   6|0x0000000080600000, 0x0000000080700000, 0x0000000080700000|100%| O|  |TAMS 0x0000000080700000, 0x0000000080600000| Untracked 
|   7|0x0000000080700000, 0x0000000080800000, 0x0000000080800000|100%| O|  |TAMS 0x0000000080800000, 0x0000000080700000| Untracked 
|   8|0x0000000080800000, 0x0000000080900000, 0x0000000080900000|100%| O|  |TAMS 0x0000000080900000, 0x0000000080800000| Untracked 
|   9|0x0000000080900000, 0x0000000080a00000, 0x0000000080a00000|100%| O|  |TAMS 0x0000000080a00000, 0x0000000080900000| Untracked 
|  10|0x0000000080a00000, 0x0000000080b00000, 0x0000000080b00000|100%|HS|  |TAMS 0x0000000080b00000, 0x0000000080a00000| Complete 
|  11|0x0000000080b00000, 0x0000000080c00000, 0x0000000080c00000|100%| O|  |TAMS 0x0000000080c00000, 0x0000000080b00000| Untracked 
|  12|0x0000000080c00000, 0x0000000080d00000, 0x0000000080d00000|100%| O|  |TAMS 0x0000000080d00000, 0x0000000080c00000| Untracked 
|  13|0x0000000080d00000, 0x0000000080e00000, 0x0000000080e00000|100%| O|  |TAMS 0x0000000080e00000, 0x0000000080d00000| Untracked 
|  14|0x0000000080e00000, 0x0000000080f00000, 0x0000000080f00000|100%| O|  |TAMS 0x0000000080f00000, 0x0000000080e00000| Untracked 
|  15|0x0000000080f00000, 0x0000000081000000, 0x0000000081000000|100%| O|  |TAMS 0x0000000081000000, 0x0000000080f00000| Untracked 
|  16|0x0000000081000000, 0x0000000081100000, 0x0000000081100000|100%| O|  |TAMS 0x0000000081100000, 0x0000000081000000| Untracked 
|  17|0x0000000081100000, 0x0000000081200000, 0x0000000081200000|100%| O|  |TAMS 0x0000000081200000, 0x0000000081100000| Untracked 
|  18|0x0000000081200000, 0x0000000081300000, 0x0000000081300000|100%| O|  |TAMS 0x0000000081300000, 0x0000000081200000| Untracked 
|  19|0x0000000081300000, 0x0000000081400000, 0x0000000081400000|100%| O|  |TAMS 0x0000000081400000, 0x0000000081300000| Untracked 
|  20|0x0000000081400000, 0x0000000081500000, 0x0000000081500000|100%| O|  |TAMS 0x0000000081500000, 0x0000000081400000| Untracked 
|  21|0x0000000081500000, 0x0000000081600000, 0x0000000081600000|100%| O|  |TAMS 0x0000000081600000, 0x0000000081500000| Untracked 
|  22|0x0000000081600000, 0x0000000081700000, 0x0000000081700000|100%| O|  |TAMS 0x0000000081700000, 0x0000000081600000| Untracked 
|  23|0x0000000081700000, 0x0000000081800000, 0x0000000081800000|100%| O|  |TAMS 0x0000000081800000, 0x0000000081700000| Untracked 
|  24|0x0000000081800000, 0x0000000081900000, 0x0000000081900000|100%| O|  |TAMS 0x0000000081900000, 0x0000000081800000| Untracked 
|  25|0x0000000081900000, 0x0000000081a00000, 0x0000000081a00000|100%| O|  |TAMS 0x0000000081a00000, 0x0000000081900000| Untracked 
|  26|0x0000000081a00000, 0x0000000081b00000, 0x0000000081b00000|100%| O|  |TAMS 0x0000000081b00000, 0x0000000081a00000| Untracked 
|  27|0x0000000081b00000, 0x0000000081c00000, 0x0000000081c00000|100%| O|  |TAMS 0x0000000081c00000, 0x0000000081b00000| Untracked 
|  28|0x0000000081c00000, 0x0000000081d00000, 0x0000000081d00000|100%| O|  |TAMS 0x0000000081d00000, 0x0000000081c00000| Untracked 
|  29|0x0000000081d00000, 0x0000000081e00000, 0x0000000081e00000|100%| O|  |TAMS 0x0000000081e00000, 0x0000000081d00000| Untracked 
|  30|0x0000000081e00000, 0x0000000081f00000, 0x0000000081f00000|100%| O|  |TAMS 0x0000000081f00000, 0x0000000081e00000| Untracked 
|  31|0x0000000081f00000, 0x0000000082000000, 0x0000000082000000|100%| O|  |TAMS 0x0000000082000000, 0x0000000081f00000| Untracked 
|  32|0x0000000082000000, 0x0000000082100000, 0x0000000082100000|100%| O|  |TAMS 0x0000000082100000, 0x0000000082000000| Untracked 
|  33|0x0000000082100000, 0x0000000082200000, 0x0000000082200000|100%| O|  |TAMS 0x0000000082200000, 0x0000000082100000| Untracked 
|  34|0x0000000082200000, 0x0000000082300000, 0x0000000082300000|100%| O|  |TAMS 0x0000000082300000, 0x0000000082200000| Untracked 
|  35|0x0000000082300000, 0x0000000082400000, 0x0000000082400000|100%| O|  |TAMS 0x0000000082400000, 0x0000000082300000| Untracked 
|  36|0x0000000082400000, 0x0000000082500000, 0x0000000082500000|100%| O|  |TAMS 0x0000000082500000, 0x0000000082400000| Untracked 
|  37|0x0000000082500000, 0x0000000082600000, 0x0000000082600000|100%| O|  |TAMS 0x0000000082600000, 0x0000000082500000| Untracked 
|  38|0x0000000082600000, 0x0000000082700000, 0x0000000082700000|100%| O|  |TAMS 0x0000000082700000, 0x0000000082600000| Untracked 
|  39|0x0000000082700000, 0x0000000082800000, 0x0000000082800000|100%| O|  |TAMS 0x0000000082800000, 0x0000000082700000| Untracked 
|  40|0x0000000082800000, 0x0000000082800000, 0x0000000082900000|  0%| F|  |TAMS 0x0000000082800000, 0x0000000082800000| Untracked 
|  41|0x0000000082900000, 0x0000000082a00000, 0x0000000082a00000|100%| O|  |TAMS 0x0000000082a00000, 0x0000000082900000| Untracked 
|  42|0x0000000082a00000, 0x0000000082b00000, 0x0000000082b00000|100%|HS|  |TAMS 0x0000000082b00000, 0x0000000082a00000| Complete 
|  43|0x0000000082b00000, 0x0000000082c00000, 0x0000000082c00000|100%|HS|  |TAMS 0x0000000082c00000, 0x0000000082b00000| Complete 
|  44|0x0000000082c00000, 0x0000000082d00000, 0x0000000082d00000|100%|HS|  |TAMS 0x0000000082d00000, 0x0000000082c00000| Complete 
|  45|0x0000000082d00000, 0x0000000082e00000, 0x0000000082e00000|100%|HC|  |TAMS 0x0000000082e00000, 0x0000000082d00000| Complete 
|  46|0x0000000082e00000, 0x0000000082f00000, 0x0000000082f00000|100%|HS|  |TAMS 0x0000000082f00000, 0x0000000082e00000| Complete 
|  47|0x0000000082f00000, 0x0000000083000000, 0x0000000083000000|100%|HC|  |TAMS 0x0000000083000000, 0x0000000082f00000| Complete 
|  48|0x0000000083000000, 0x0000000083100000, 0x0000000083100000|100%|HS|  |TAMS 0x0000000083100000, 0x0000000083000000| Complete 
|  49|0x0000000083100000, 0x0000000083200000, 0x0000000083200000|100%|HS|  |TAMS 0x0000000083200000, 0x0000000083100000| Complete 
|  50|0x0000000083200000, 0x0000000083300000, 0x0000000083300000|100%|HC|  |TAMS 0x0000000083300000, 0x0000000083200000| Complete 
|  51|0x0000000083300000, 0x0000000083400000, 0x0000000083400000|100%|HC|  |TAMS 0x0000000083400000, 0x0000000083300000| Complete 
|  52|0x0000000083400000, 0x0000000083500000, 0x0000000083500000|100%|HC|  |TAMS 0x0000000083500000, 0x0000000083400000| Complete 
|  53|0x0000000083500000, 0x0000000083600000, 0x0000000083600000|100%|HS|  |TAMS 0x0000000083600000, 0x0000000083500000| Complete 
|  54|0x0000000083600000, 0x0000000083700000, 0x0000000083700000|100%| O|  |TAMS 0x0000000083700000, 0x0000000083600000| Untracked 
|  55|0x0000000083700000, 0x0000000083800000, 0x0000000083800000|100%|HS|  |TAMS 0x0000000083800000, 0x0000000083700000| Complete 
|  56|0x0000000083800000, 0x0000000083900000, 0x0000000083900000|100%| O|  |TAMS 0x0000000083900000, 0x0000000083800000| Untracked 
|  57|0x0000000083900000, 0x0000000083a00000, 0x0000000083a00000|100%| O|  |TAMS 0x0000000083a00000, 0x0000000083900000| Untracked 
|  58|0x0000000083a00000, 0x0000000083b00000, 0x0000000083b00000|100%| O|  |TAMS 0x0000000083b00000, 0x0000000083a00000| Untracked 
|  59|0x0000000083b00000, 0x0000000083c00000, 0x0000000083c00000|100%| O|  |TAMS 0x0000000083c00000, 0x0000000083b00000| Untracked 
|  60|0x0000000083c00000, 0x0000000083d00000, 0x0000000083d00000|100%| O|  |TAMS 0x0000000083d00000, 0x0000000083c00000| Untracked 
|  61|0x0000000083d00000, 0x0000000083e00000, 0x0000000083e00000|100%| O|  |TAMS 0x0000000083e00000, 0x0000000083d00000| Untracked 
|  62|0x0000000083e00000, 0x0000000083f00000, 0x0000000083f00000|100%| O|  |TAMS 0x0000000083f00000, 0x0000000083e00000| Untracked 
|  63|0x0000000083f00000, 0x0000000084000000, 0x0000000084000000|100%| O|  |TAMS 0x0000000084000000, 0x0000000083f00000| Untracked 
|  64|0x0000000084000000, 0x0000000084100000, 0x0000000084100000|100%| O|  |TAMS 0x0000000084100000, 0x0000000084000000| Untracked 
|  65|0x0000000084100000, 0x0000000084200000, 0x0000000084200000|100%| O|  |TAMS 0x0000000084200000, 0x0000000084100000| Untracked 
|  66|0x0000000084200000, 0x0000000084300000, 0x0000000084300000|100%|HS|  |TAMS 0x0000000084300000, 0x0000000084200000| Complete 
|  67|0x0000000084300000, 0x0000000084400000, 0x0000000084400000|100%| O|  |TAMS 0x0000000084400000, 0x0000000084300000| Untracked 
|  68|0x0000000084400000, 0x0000000084500000, 0x0000000084500000|100%| O|  |TAMS 0x0000000084500000, 0x0000000084400000| Untracked 
|  69|0x0000000084500000, 0x0000000084600000, 0x0000000084600000|100%|HS|  |TAMS 0x0000000084600000, 0x0000000084500000| Complete 
|  70|0x0000000084600000, 0x0000000084700000, 0x0000000084700000|100%|HC|  |TAMS 0x0000000084700000, 0x0000000084600000| Complete 
|  71|0x0000000084700000, 0x0000000084800000, 0x0000000084800000|100%|HC|  |TAMS 0x0000000084800000, 0x0000000084700000| Complete 
|  72|0x0000000084800000, 0x0000000084900000, 0x0000000084900000|100%|HC|  |TAMS 0x0000000084900000, 0x0000000084800000| Complete 
|  73|0x0000000084900000, 0x0000000084a00000, 0x0000000084a00000|100%| O|  |TAMS 0x0000000084a00000, 0x0000000084900000| Untracked 
|  74|0x0000000084a00000, 0x0000000084b00000, 0x0000000084b00000|100%| O|  |TAMS 0x0000000084b00000, 0x0000000084a00000| Untracked 
|  75|0x0000000084b00000, 0x0000000084c00000, 0x0000000084c00000|100%| O|  |TAMS 0x0000000084c00000, 0x0000000084b00000| Untracked 
|  76|0x0000000084c00000, 0x0000000084d00000, 0x0000000084d00000|100%| O|  |TAMS 0x0000000084d00000, 0x0000000084c00000| Untracked 
|  77|0x0000000084d00000, 0x0000000084e00000, 0x0000000084e00000|100%| O|  |TAMS 0x0000000084e00000, 0x0000000084d00000| Untracked 
|  78|0x0000000084e00000, 0x0000000084f00000, 0x0000000084f00000|100%| O|  |TAMS 0x0000000084f00000, 0x0000000084e00000| Untracked 
|  79|0x0000000084f00000, 0x0000000085000000, 0x0000000085000000|100%| O|  |TAMS 0x0000000085000000, 0x0000000084f00000| Untracked 
|  80|0x0000000085000000, 0x0000000085100000, 0x0000000085100000|100%| O|  |TAMS 0x0000000085100000, 0x0000000085000000| Untracked 
|  81|0x0000000085100000, 0x0000000085200000, 0x0000000085200000|100%| O|  |TAMS 0x0000000085200000, 0x0000000085100000| Untracked 
|  82|0x0000000085200000, 0x0000000085300000, 0x0000000085300000|100%| O|  |TAMS 0x0000000085300000, 0x0000000085200000| Untracked 
|  83|0x0000000085300000, 0x0000000085400000, 0x0000000085400000|100%| O|  |TAMS 0x0000000085400000, 0x0000000085300000| Untracked 
|  84|0x0000000085400000, 0x0000000085400000, 0x0000000085500000|  0%| F|  |TAMS 0x0000000085400000, 0x0000000085400000| Untracked 
|  85|0x0000000085500000, 0x0000000085500000, 0x0000000085600000|  0%| F|  |TAMS 0x0000000085500000, 0x0000000085500000| Untracked 
|  86|0x0000000085600000, 0x0000000085700000, 0x0000000085700000|100%| O|  |TAMS 0x0000000085700000, 0x0000000085600000| Untracked 
|  87|0x0000000085700000, 0x0000000085800000, 0x0000000085800000|100%| O|  |TAMS 0x0000000085800000, 0x0000000085700000| Untracked 
|  88|0x0000000085800000, 0x0000000085900000, 0x0000000085900000|100%| O|  |TAMS 0x0000000085900000, 0x0000000085800000| Untracked 
|  89|0x0000000085900000, 0x0000000085a00000, 0x0000000085a00000|100%| O|  |TAMS 0x0000000085a00000, 0x0000000085900000| Untracked 
|  90|0x0000000085a00000, 0x0000000085b00000, 0x0000000085b00000|100%| O|  |TAMS 0x0000000085b00000, 0x0000000085a00000| Untracked 
|  91|0x0000000085b00000, 0x0000000085c00000, 0x0000000085c00000|100%| O|  |TAMS 0x0000000085c00000, 0x0000000085b00000| Untracked 
|  92|0x0000000085c00000, 0x0000000085d00000, 0x0000000085d00000|100%| O|  |TAMS 0x0000000085d00000, 0x0000000085c00000| Untracked 
|  93|0x0000000085d00000, 0x0000000085e00000, 0x0000000085e00000|100%| O|  |TAMS 0x0000000085e00000, 0x0000000085d00000| Untracked 
|  94|0x0000000085e00000, 0x0000000085f00000, 0x0000000085f00000|100%| O|  |TAMS 0x0000000085f00000, 0x0000000085e00000| Untracked 
|  95|0x0000000085f00000, 0x0000000086000000, 0x0000000086000000|100%| O|  |TAMS 0x0000000086000000, 0x0000000085f00000| Untracked 
|  96|0x0000000086000000, 0x0000000086100000, 0x0000000086100000|100%| O|  |TAMS 0x0000000086100000, 0x0000000086000000| Untracked 
|  97|0x0000000086100000, 0x0000000086200000, 0x0000000086200000|100%| O|  |TAMS 0x0000000086200000, 0x0000000086100000| Untracked 
|  98|0x0000000086200000, 0x0000000086300000, 0x0000000086300000|100%| O|  |TAMS 0x0000000086300000, 0x0000000086200000| Untracked 
|  99|0x0000000086300000, 0x0000000086400000, 0x0000000086400000|100%| O|  |TAMS 0x0000000086400000, 0x0000000086300000| Untracked 
| 100|0x0000000086400000, 0x0000000086500000, 0x0000000086500000|100%| O|  |TAMS 0x0000000086500000, 0x0000000086400000| Untracked 
| 101|0x0000000086500000, 0x0000000086600000, 0x0000000086600000|100%| O|  |TAMS 0x0000000086500000, 0x0000000086500000| Untracked 
| 102|0x0000000086600000, 0x0000000086700000, 0x0000000086700000|100%| O|  |TAMS 0x0000000086600000, 0x0000000086600000| Untracked 
| 103|0x0000000086700000, 0x0000000086800000, 0x0000000086800000|100%| O|  |TAMS 0x0000000086700000, 0x0000000086700000| Untracked 
| 104|0x0000000086800000, 0x00000000868cee00, 0x0000000086900000| 80%| O|  |TAMS 0x0000000086800000, 0x0000000086800000| Untracked 
| 105|0x0000000086900000, 0x0000000086900000, 0x0000000086a00000|  0%| F|  |TAMS 0x0000000086900000, 0x0000000086900000| Untracked 
| 106|0x0000000086a00000, 0x0000000086b00000, 0x0000000086b00000|100%| O|  |TAMS 0x0000000086b00000, 0x0000000086a00000| Untracked 
| 107|0x0000000086b00000, 0x0000000086c00000, 0x0000000086c00000|100%| O|  |TAMS 0x0000000086c00000, 0x0000000086b00000| Untracked 
| 108|0x0000000086c00000, 0x0000000086d00000, 0x0000000086d00000|100%| O|  |TAMS 0x0000000086cfc800, 0x0000000086c00000| Untracked 
| 109|0x0000000086d00000, 0x0000000086e00000, 0x0000000086e00000|100%| O|  |TAMS 0x0000000086d00000, 0x0000000086d00000| Untracked 
| 110|0x0000000086e00000, 0x0000000086f00000, 0x0000000086f00000|100%| O|  |TAMS 0x0000000086e00000, 0x0000000086e00000| Untracked 
| 111|0x0000000086f00000, 0x0000000087000000, 0x0000000087000000|100%| O|  |TAMS 0x0000000086f00000, 0x0000000086f00000| Untracked 
| 112|0x0000000087000000, 0x0000000087100000, 0x0000000087100000|100%| O|  |TAMS 0x0000000087000000, 0x0000000087000000| Untracked 
| 113|0x0000000087100000, 0x0000000087200000, 0x0000000087200000|100%| O|  |TAMS 0x0000000087100000, 0x0000000087100000| Untracked 
| 114|0x0000000087200000, 0x0000000087300000, 0x0000000087300000|100%| O|  |TAMS 0x0000000087200000, 0x0000000087200000| Untracked 
| 115|0x0000000087300000, 0x0000000087400000, 0x0000000087400000|100%| O|  |TAMS 0x0000000087300000, 0x0000000087300000| Untracked 
| 116|0x0000000087400000, 0x0000000087400000, 0x0000000087500000|  0%| F|  |TAMS 0x0000000087400000, 0x0000000087400000| Untracked 
| 117|0x0000000087500000, 0x0000000087600000, 0x0000000087600000|100%| O|  |TAMS 0x0000000087600000, 0x0000000087500000| Untracked 
| 118|0x0000000087600000, 0x0000000087700000, 0x0000000087700000|100%| O|  |TAMS 0x0000000087700000, 0x0000000087600000| Untracked 
| 119|0x0000000087700000, 0x0000000087800000, 0x0000000087800000|100%| O|  |TAMS 0x0000000087800000, 0x0000000087700000| Untracked 
| 120|0x0000000087800000, 0x0000000087900000, 0x0000000087900000|100%| O|  |TAMS 0x0000000087900000, 0x0000000087800000| Untracked 
| 121|0x0000000087900000, 0x0000000087900000, 0x0000000087a00000|  0%| F|  |TAMS 0x0000000087900000, 0x0000000087900000| Untracked 
| 122|0x0000000087a00000, 0x0000000087a00000, 0x0000000087b00000|  0%| F|  |TAMS 0x0000000087a00000, 0x0000000087a00000| Untracked 
| 123|0x0000000087b00000, 0x0000000087b00000, 0x0000000087c00000|  0%| F|  |TAMS 0x0000000087b00000, 0x0000000087b00000| Untracked 
| 124|0x0000000087c00000, 0x0000000087c00000, 0x0000000087d00000|  0%| F|  |TAMS 0x0000000087c00000, 0x0000000087c00000| Untracked 
| 125|0x0000000087d00000, 0x0000000087d00000, 0x0000000087e00000|  0%| F|  |TAMS 0x0000000087d00000, 0x0000000087d00000| Untracked 
| 126|0x0000000087e00000, 0x0000000087e00000, 0x0000000087f00000|  0%| F|  |TAMS 0x0000000087e00000, 0x0000000087e00000| Untracked 
| 127|0x0000000087f00000, 0x0000000087f00000, 0x0000000088000000|  0%| F|  |TAMS 0x0000000087f00000, 0x0000000087f00000| Untracked 
| 128|0x0000000088000000, 0x0000000088000000, 0x0000000088100000|  0%| F|  |TAMS 0x0000000088000000, 0x0000000088000000| Untracked 
| 129|0x0000000088100000, 0x0000000088100000, 0x0000000088200000|  0%| F|  |TAMS 0x0000000088100000, 0x0000000088100000| Untracked 
| 130|0x0000000088200000, 0x0000000088200000, 0x0000000088300000|  0%| F|  |TAMS 0x0000000088200000, 0x0000000088200000| Untracked 
| 131|0x0000000088300000, 0x0000000088300000, 0x0000000088400000|  0%| F|  |TAMS 0x0000000088300000, 0x0000000088300000| Untracked 
| 132|0x0000000088400000, 0x0000000088400000, 0x0000000088500000|  0%| F|  |TAMS 0x0000000088400000, 0x0000000088400000| Untracked 
| 133|0x0000000088500000, 0x0000000088500000, 0x0000000088600000|  0%| F|  |TAMS 0x0000000088500000, 0x0000000088500000| Untracked 
| 134|0x0000000088600000, 0x0000000088600000, 0x0000000088700000|  0%| F|  |TAMS 0x0000000088600000, 0x0000000088600000| Untracked 
| 135|0x0000000088700000, 0x0000000088700000, 0x0000000088800000|  0%| F|  |TAMS 0x0000000088700000, 0x0000000088700000| Untracked 
| 136|0x0000000088800000, 0x0000000088800000, 0x0000000088900000|  0%| F|  |TAMS 0x0000000088800000, 0x0000000088800000| Untracked 
| 137|0x0000000088900000, 0x0000000088900000, 0x0000000088a00000|  0%| F|  |TAMS 0x0000000088900000, 0x0000000088900000| Untracked 
| 138|0x0000000088a00000, 0x0000000088a00000, 0x0000000088b00000|  0%| F|  |TAMS 0x0000000088a00000, 0x0000000088a00000| Untracked 
| 139|0x0000000088b00000, 0x0000000088b00000, 0x0000000088c00000|  0%| F|  |TAMS 0x0000000088b00000, 0x0000000088b00000| Untracked 
| 140|0x0000000088c00000, 0x0000000088c00000, 0x0000000088d00000|  0%| F|  |TAMS 0x0000000088c00000, 0x0000000088c00000| Untracked 
| 141|0x0000000088d00000, 0x0000000088d00000, 0x0000000088e00000|  0%| F|  |TAMS 0x0000000088d00000, 0x0000000088d00000| Untracked 
| 142|0x0000000088e00000, 0x0000000088e00000, 0x0000000088f00000|  0%| F|  |TAMS 0x0000000088e00000, 0x0000000088e00000| Untracked 
| 143|0x0000000088f00000, 0x0000000088f00000, 0x0000000089000000|  0%| F|  |TAMS 0x0000000088f00000, 0x0000000088f00000| Untracked 
| 144|0x0000000089000000, 0x0000000089000000, 0x0000000089100000|  0%| F|  |TAMS 0x0000000089000000, 0x0000000089000000| Untracked 
| 145|0x0000000089100000, 0x0000000089100000, 0x0000000089200000|  0%| F|  |TAMS 0x0000000089100000, 0x0000000089100000| Untracked 
| 146|0x0000000089200000, 0x0000000089200000, 0x0000000089300000|  0%| F|  |TAMS 0x0000000089200000, 0x0000000089200000| Untracked 
| 147|0x0000000089300000, 0x0000000089300000, 0x0000000089400000|  0%| F|  |TAMS 0x0000000089300000, 0x0000000089300000| Untracked 
| 148|0x0000000089400000, 0x0000000089400000, 0x0000000089500000|  0%| F|  |TAMS 0x0000000089400000, 0x0000000089400000| Untracked 
| 149|0x0000000089500000, 0x0000000089500000, 0x0000000089600000|  0%| F|  |TAMS 0x0000000089500000, 0x0000000089500000| Untracked 
| 150|0x0000000089600000, 0x0000000089600000, 0x0000000089700000|  0%| F|  |TAMS 0x0000000089600000, 0x0000000089600000| Untracked 
| 151|0x0000000089700000, 0x0000000089700000, 0x0000000089800000|  0%| F|  |TAMS 0x0000000089700000, 0x0000000089700000| Untracked 
| 152|0x0000000089800000, 0x0000000089800000, 0x0000000089900000|  0%| F|  |TAMS 0x0000000089800000, 0x0000000089800000| Untracked 
| 153|0x0000000089900000, 0x0000000089951c18, 0x0000000089a00000| 31%| S|CS|TAMS 0x0000000089900000, 0x0000000089900000| Complete 
| 154|0x0000000089a00000, 0x0000000089b00000, 0x0000000089b00000|100%| S|CS|TAMS 0x0000000089a00000, 0x0000000089a00000| Complete 
| 155|0x0000000089b00000, 0x0000000089c00000, 0x0000000089c00000|100%| S|CS|TAMS 0x0000000089b00000, 0x0000000089b00000| Complete 
| 156|0x0000000089c00000, 0x0000000089d00000, 0x0000000089d00000|100%| S|CS|TAMS 0x0000000089c00000, 0x0000000089c00000| Complete 
| 157|0x0000000089d00000, 0x0000000089e00000, 0x0000000089e00000|100%| S|CS|TAMS 0x0000000089d00000, 0x0000000089d00000| Complete 
| 158|0x0000000089e00000, 0x0000000089f00000, 0x0000000089f00000|100%| S|CS|TAMS 0x0000000089e00000, 0x0000000089e00000| Complete 
| 159|0x0000000089f00000, 0x000000008a000000, 0x000000008a000000|100%| S|CS|TAMS 0x0000000089f00000, 0x0000000089f00000| Complete 
| 160|0x000000008a000000, 0x000000008a100000, 0x000000008a100000|100%| S|CS|TAMS 0x000000008a000000, 0x000000008a000000| Complete 
| 161|0x000000008a100000, 0x000000008a200000, 0x000000008a200000|100%| S|CS|TAMS 0x000000008a100000, 0x000000008a100000| Complete 
| 162|0x000000008a200000, 0x000000008a300000, 0x000000008a300000|100%| S|CS|TAMS 0x000000008a200000, 0x000000008a200000| Complete 
| 163|0x000000008a300000, 0x000000008a400000, 0x000000008a400000|100%| S|CS|TAMS 0x000000008a300000, 0x000000008a300000| Complete 
| 164|0x000000008a400000, 0x000000008a400000, 0x000000008a500000|  0%| F|  |TAMS 0x000000008a400000, 0x000000008a400000| Untracked 
| 165|0x000000008a500000, 0x000000008a500000, 0x000000008a600000|  0%| F|  |TAMS 0x000000008a500000, 0x000000008a500000| Untracked 
| 166|0x000000008a600000, 0x000000008a600000, 0x000000008a700000|  0%| F|  |TAMS 0x000000008a600000, 0x000000008a600000| Untracked 
| 167|0x000000008a700000, 0x000000008a700000, 0x000000008a800000|  0%| F|  |TAMS 0x000000008a700000, 0x000000008a700000| Untracked 
| 168|0x000000008a800000, 0x000000008a800000, 0x000000008a900000|  0%| F|  |TAMS 0x000000008a800000, 0x000000008a800000| Untracked 
| 169|0x000000008a900000, 0x000000008a900000, 0x000000008aa00000|  0%| F|  |TAMS 0x000000008a900000, 0x000000008a900000| Untracked 
| 170|0x000000008aa00000, 0x000000008aa00000, 0x000000008ab00000|  0%| F|  |TAMS 0x000000008aa00000, 0x000000008aa00000| Untracked 
| 171|0x000000008ab00000, 0x000000008ab00000, 0x000000008ac00000|  0%| F|  |TAMS 0x000000008ab00000, 0x000000008ab00000| Untracked 
| 172|0x000000008ac00000, 0x000000008ac00000, 0x000000008ad00000|  0%| F|  |TAMS 0x000000008ac00000, 0x000000008ac00000| Untracked 
| 173|0x000000008ad00000, 0x000000008ad00000, 0x000000008ae00000|  0%| F|  |TAMS 0x000000008ad00000, 0x000000008ad00000| Untracked 
| 174|0x000000008ae00000, 0x000000008ae00000, 0x000000008af00000|  0%| F|  |TAMS 0x000000008ae00000, 0x000000008ae00000| Untracked 
| 175|0x000000008af00000, 0x000000008af00000, 0x000000008b000000|  0%| F|  |TAMS 0x000000008af00000, 0x000000008af00000| Untracked 
| 176|0x000000008b000000, 0x000000008b000000, 0x000000008b100000|  0%| F|  |TAMS 0x000000008b000000, 0x000000008b000000| Untracked 
| 177|0x000000008b100000, 0x000000008b100000, 0x000000008b200000|  0%| F|  |TAMS 0x000000008b100000, 0x000000008b100000| Untracked 
| 178|0x000000008b200000, 0x000000008b200000, 0x000000008b300000|  0%| F|  |TAMS 0x000000008b200000, 0x000000008b200000| Untracked 
| 179|0x000000008b300000, 0x000000008b300000, 0x000000008b400000|  0%| F|  |TAMS 0x000000008b300000, 0x000000008b300000| Untracked 
| 180|0x000000008b400000, 0x000000008b400000, 0x000000008b500000|  0%| F|  |TAMS 0x000000008b400000, 0x000000008b400000| Untracked 
| 181|0x000000008b500000, 0x000000008b500000, 0x000000008b600000|  0%| F|  |TAMS 0x000000008b500000, 0x000000008b500000| Untracked 
| 182|0x000000008b600000, 0x000000008b600000, 0x000000008b700000|  0%| F|  |TAMS 0x000000008b600000, 0x000000008b600000| Untracked 
| 183|0x000000008b700000, 0x000000008b700000, 0x000000008b800000|  0%| F|  |TAMS 0x000000008b700000, 0x000000008b700000| Untracked 
| 184|0x000000008b800000, 0x000000008b800000, 0x000000008b900000|  0%| F|  |TAMS 0x000000008b800000, 0x000000008b800000| Untracked 
| 185|0x000000008b900000, 0x000000008b900000, 0x000000008ba00000|  0%| F|  |TAMS 0x000000008b900000, 0x000000008b900000| Untracked 
| 186|0x000000008ba00000, 0x000000008ba00000, 0x000000008bb00000|  0%| F|  |TAMS 0x000000008ba00000, 0x000000008ba00000| Untracked 
| 187|0x000000008bb00000, 0x000000008bb00000, 0x000000008bc00000|  0%| F|  |TAMS 0x000000008bb00000, 0x000000008bb00000| Untracked 
| 188|0x000000008bc00000, 0x000000008bc00000, 0x000000008bd00000|  0%| F|  |TAMS 0x000000008bc00000, 0x000000008bc00000| Untracked 
| 189|0x000000008bd00000, 0x000000008bd00000, 0x000000008be00000|  0%| F|  |TAMS 0x000000008bd00000, 0x000000008bd00000| Untracked 
| 190|0x000000008be00000, 0x000000008be00000, 0x000000008bf00000|  0%| F|  |TAMS 0x000000008be00000, 0x000000008be00000| Untracked 
| 191|0x000000008bf00000, 0x000000008bf00000, 0x000000008c000000|  0%| F|  |TAMS 0x000000008bf00000, 0x000000008bf00000| Untracked 
| 192|0x000000008c000000, 0x000000008c000000, 0x000000008c100000|  0%| F|  |TAMS 0x000000008c000000, 0x000000008c000000| Untracked 
| 193|0x000000008c100000, 0x000000008c100000, 0x000000008c200000|  0%| F|  |TAMS 0x000000008c100000, 0x000000008c100000| Untracked 
| 194|0x000000008c200000, 0x000000008c200000, 0x000000008c300000|  0%| F|  |TAMS 0x000000008c200000, 0x000000008c200000| Untracked 
| 195|0x000000008c300000, 0x000000008c300000, 0x000000008c400000|  0%| F|  |TAMS 0x000000008c300000, 0x000000008c300000| Untracked 
| 196|0x000000008c400000, 0x000000008c400000, 0x000000008c500000|  0%| F|  |TAMS 0x000000008c400000, 0x000000008c400000| Untracked 
| 197|0x000000008c500000, 0x000000008c500000, 0x000000008c600000|  0%| F|  |TAMS 0x000000008c500000, 0x000000008c500000| Untracked 
| 198|0x000000008c600000, 0x000000008c600000, 0x000000008c700000|  0%| F|  |TAMS 0x000000008c600000, 0x000000008c600000| Untracked 
| 199|0x000000008c700000, 0x000000008c700000, 0x000000008c800000|  0%| F|  |TAMS 0x000000008c700000, 0x000000008c700000| Untracked 
| 200|0x000000008c800000, 0x000000008c800000, 0x000000008c900000|  0%| F|  |TAMS 0x000000008c800000, 0x000000008c800000| Untracked 
| 201|0x000000008c900000, 0x000000008c900000, 0x000000008ca00000|  0%| F|  |TAMS 0x000000008c900000, 0x000000008c900000| Untracked 
| 202|0x000000008ca00000, 0x000000008ca00000, 0x000000008cb00000|  0%| F|  |TAMS 0x000000008ca00000, 0x000000008ca00000| Untracked 
| 203|0x000000008cb00000, 0x000000008cb74aa0, 0x000000008cc00000| 45%| E|  |TAMS 0x000000008cb00000, 0x000000008cb00000| Complete 
| 204|0x000000008cc00000, 0x000000008cd00000, 0x000000008cd00000|100%| E|CS|TAMS 0x000000008cc00000, 0x000000008cc00000| Complete 
| 205|0x000000008cd00000, 0x000000008ce00000, 0x000000008ce00000|100%| E|CS|TAMS 0x000000008cd00000, 0x000000008cd00000| Complete 
| 206|0x000000008ce00000, 0x000000008cf00000, 0x000000008cf00000|100%| E|CS|TAMS 0x000000008ce00000, 0x000000008ce00000| Complete 
| 207|0x000000008cf00000, 0x000000008d000000, 0x000000008d000000|100%| E|CS|TAMS 0x000000008cf00000, 0x000000008cf00000| Complete 
| 208|0x000000008d000000, 0x000000008d100000, 0x000000008d100000|100%| E|CS|TAMS 0x000000008d000000, 0x000000008d000000| Complete 
| 209|0x000000008d100000, 0x000000008d200000, 0x000000008d200000|100%| E|CS|TAMS 0x000000008d100000, 0x000000008d100000| Complete 
| 210|0x000000008d200000, 0x000000008d300000, 0x000000008d300000|100%| E|  |TAMS 0x000000008d200000, 0x000000008d200000| Complete 
| 211|0x000000008d300000, 0x000000008d400000, 0x000000008d400000|100%| E|CS|TAMS 0x000000008d300000, 0x000000008d300000| Complete 
| 212|0x000000008d400000, 0x000000008d500000, 0x000000008d500000|100%| E|CS|TAMS 0x000000008d400000, 0x000000008d400000| Complete 
| 213|0x000000008d500000, 0x000000008d600000, 0x000000008d600000|100%| E|CS|TAMS 0x000000008d500000, 0x000000008d500000| Complete 
| 214|0x000000008d600000, 0x000000008d700000, 0x000000008d700000|100%| E|CS|TAMS 0x000000008d600000, 0x000000008d600000| Complete 
| 215|0x000000008d700000, 0x000000008d800000, 0x000000008d800000|100%| E|CS|TAMS 0x000000008d700000, 0x000000008d700000| Complete 
| 216|0x000000008d800000, 0x000000008d900000, 0x000000008d900000|100%| E|CS|TAMS 0x000000008d800000, 0x000000008d800000| Complete 
| 217|0x000000008d900000, 0x000000008da00000, 0x000000008da00000|100%| E|CS|TAMS 0x000000008d900000, 0x000000008d900000| Complete 
| 218|0x000000008da00000, 0x000000008db00000, 0x000000008db00000|100%| E|CS|TAMS 0x000000008da00000, 0x000000008da00000| Complete 
| 219|0x000000008db00000, 0x000000008dc00000, 0x000000008dc00000|100%| E|CS|TAMS 0x000000008db00000, 0x000000008db00000| Complete 
| 220|0x000000008dc00000, 0x000000008dd00000, 0x000000008dd00000|100%| E|CS|TAMS 0x000000008dc00000, 0x000000008dc00000| Complete 
| 221|0x000000008dd00000, 0x000000008de00000, 0x000000008de00000|100%| E|CS|TAMS 0x000000008dd00000, 0x000000008dd00000| Complete 
| 222|0x000000008de00000, 0x000000008df00000, 0x000000008df00000|100%| E|CS|TAMS 0x000000008de00000, 0x000000008de00000| Complete 
| 223|0x000000008df00000, 0x000000008e000000, 0x000000008e000000|100%| E|CS|TAMS 0x000000008df00000, 0x000000008df00000| Complete 
| 224|0x000000008e000000, 0x000000008e100000, 0x000000008e100000|100%| E|CS|TAMS 0x000000008e000000, 0x000000008e000000| Complete 
| 225|0x000000008e100000, 0x000000008e200000, 0x000000008e200000|100%| E|CS|TAMS 0x000000008e100000, 0x000000008e100000| Complete 
| 226|0x000000008e200000, 0x000000008e300000, 0x000000008e300000|100%| E|CS|TAMS 0x000000008e200000, 0x000000008e200000| Complete 
| 227|0x000000008e300000, 0x000000008e400000, 0x000000008e400000|100%| E|CS|TAMS 0x000000008e300000, 0x000000008e300000| Complete 
| 228|0x000000008e400000, 0x000000008e500000, 0x000000008e500000|100%| E|CS|TAMS 0x000000008e400000, 0x000000008e400000| Complete 
| 229|0x000000008e500000, 0x000000008e600000, 0x000000008e600000|100%| E|CS|TAMS 0x000000008e500000, 0x000000008e500000| Complete 
| 230|0x000000008e600000, 0x000000008e700000, 0x000000008e700000|100%| E|CS|TAMS 0x000000008e600000, 0x000000008e600000| Complete 
| 231|0x000000008e700000, 0x000000008e800000, 0x000000008e800000|100%| E|CS|TAMS 0x000000008e700000, 0x000000008e700000| Complete 
| 232|0x000000008e800000, 0x000000008e900000, 0x000000008e900000|100%| E|CS|TAMS 0x000000008e800000, 0x000000008e800000| Complete 
| 233|0x000000008e900000, 0x000000008ea00000, 0x000000008ea00000|100%| E|CS|TAMS 0x000000008e900000, 0x000000008e900000| Complete 
| 234|0x000000008ea00000, 0x000000008eb00000, 0x000000008eb00000|100%| E|CS|TAMS 0x000000008ea00000, 0x000000008ea00000| Complete 
| 235|0x000000008eb00000, 0x000000008ec00000, 0x000000008ec00000|100%| E|CS|TAMS 0x000000008eb00000, 0x000000008eb00000| Complete 
| 236|0x000000008ec00000, 0x000000008ed00000, 0x000000008ed00000|100%| E|CS|TAMS 0x000000008ec00000, 0x000000008ec00000| Complete 
| 237|0x000000008ed00000, 0x000000008ee00000, 0x000000008ee00000|100%| E|CS|TAMS 0x000000008ed00000, 0x000000008ed00000| Complete 
| 238|0x000000008ee00000, 0x000000008ef00000, 0x000000008ef00000|100%| E|CS|TAMS 0x000000008ee00000, 0x000000008ee00000| Complete 
| 239|0x000000008ef00000, 0x000000008f000000, 0x000000008f000000|100%| E|CS|TAMS 0x000000008ef00000, 0x000000008ef00000| Complete 
| 240|0x000000008f000000, 0x000000008f100000, 0x000000008f100000|100%| E|CS|TAMS 0x000000008f000000, 0x000000008f000000| Complete 
| 241|0x000000008f100000, 0x000000008f200000, 0x000000008f200000|100%| E|CS|TAMS 0x000000008f100000, 0x000000008f100000| Complete 
| 242|0x000000008f200000, 0x000000008f300000, 0x000000008f300000|100%| E|CS|TAMS 0x000000008f200000, 0x000000008f200000| Complete 
| 243|0x000000008f300000, 0x000000008f400000, 0x000000008f400000|100%| E|CS|TAMS 0x000000008f300000, 0x000000008f300000| Complete 
| 244|0x000000008f400000, 0x000000008f500000, 0x000000008f500000|100%| E|CS|TAMS 0x000000008f400000, 0x000000008f400000| Complete 
| 245|0x000000008f500000, 0x000000008f600000, 0x000000008f600000|100%| E|CS|TAMS 0x000000008f500000, 0x000000008f500000| Complete 
| 246|0x000000008f600000, 0x000000008f700000, 0x000000008f700000|100%| E|CS|TAMS 0x000000008f600000, 0x000000008f600000| Complete 
|2046|0x00000000ffe00000, 0x00000000fff00000, 0x00000000fff00000|100%| O|  |TAMS 0x00000000fff00000, 0x00000000ffe00000| Untracked 
|2047|0x00000000fff00000, 0x0000000100000000, 0x0000000100000000|100%| O|  |TAMS 0x0000000100000000, 0x00000000fff00000| Untracked 

Card table byte_map: [0x000002a9ddde0000,0x000002a9de1e0000] _byte_map_base: 0x000002a9dd9e0000

Marking Bits (Prev, Next): (CMBitMap*) 0x000002a9c92fb860, (CMBitMap*) 0x000002a9c92fb820
 Prev Bits: [0x000002a9e05e0000, 0x000002a9e25e0000)
 Next Bits: [0x000002a9de5e0000, 0x000002a9e05e0000)

Polling page: 0x000002a9c9350000

Metaspace:

Usage:
  Non-class:    101.51 MB used.
      Class:     16.00 MB used.
       Both:    117.52 MB used.

Virtual space:
  Non-class space:      128.00 MB reserved,     102.00 MB ( 80%) committed,  2 nodes.
      Class space:        1.00 GB reserved,      16.44 MB (  2%) committed,  1 nodes.
             Both:        1.12 GB reserved,     118.44 MB ( 10%) committed. 

Chunk freelists:
   Non-Class:  9.47 MB
       Class:  15.44 MB
        Both:  24.91 MB

MaxMetaspaceSize: unlimited
CompressedClassSpaceSize: 1.00 GB
Initial GC threshold: 21.00 MB
Current GC threshold: 185.62 MB
CDS: off
MetaspaceReclaimPolicy: balanced
 - commit_granule_bytes: 65536.
 - commit_granule_words: 8192.
 - virtual_space_node_default_size: 8388608.
 - enlarge_chunks_in_place: 1.
 - new_chunks_are_fully_committed: 0.
 - uncommit_free_chunks: 1.
 - use_allocation_guard: 0.
 - handle_deallocations: 1.


Internal statistics:

num_allocs_failed_limit: 9.
num_arena_births: 1596.
num_arena_deaths: 8.
num_vsnodes_births: 3.
num_vsnodes_deaths: 0.
num_space_committed: 1894.
num_space_uncommitted: 0.
num_chunks_returned_to_freelist: 21.
num_chunks_taken_from_freelist: 6400.
num_chunk_merges: 14.
num_chunk_splits: 4092.
num_chunks_enlarged: 2543.
num_inconsistent_stats: 0.

CodeHeap 'non-profiled nmethods': size=120000Kb used=8786Kb max_used=9553Kb free=111213Kb
 bounds [0x000002a9d5a50000, 0x000002a9d63b0000, 0x000002a9dcf80000]
CodeHeap 'profiled nmethods': size=120000Kb used=26113Kb max_used=28031Kb free=93886Kb
 bounds [0x000002a9cdf80000, 0x000002a9cfaf0000, 0x000002a9d54b0000]
CodeHeap 'non-nmethods': size=5760Kb used=1769Kb max_used=1832Kb free=3990Kb
 bounds [0x000002a9d54b0000, 0x000002a9d5720000, 0x000002a9d5a50000]
 total_blobs=14556 nmethods=13679 adapters=788
 compilation: enabled
              stopped_count=0, restarted_count=0
 full_count=0

Compilation events (20 events):
Event: 263.650 Thread 0x000002a9e5298870 16757       3       com.google.common.collect.AbstractMapBasedMultimap$AsMap$AsMapIterator::hasNext (10 bytes)
Event: 263.650 Thread 0x000002a9e5298870 nmethod 16757 0x000002a9ce208b10 code [0x000002a9ce208cc0, 0x000002a9ce208e88]
Event: 263.650 Thread 0x000002a9e5298870 16758       3       com.google.common.collect.AbstractMapBasedMultimap$AsMap$AsMapIterator::next (5 bytes)
Event: 263.651 Thread 0x000002a9e5298870 nmethod 16758 0x000002a9ce7d9390 code [0x000002a9ce7d9580, 0x000002a9ce7d9b48]
Event: 263.651 Thread 0x000002a9e5298870 16759       3       org.gradle.api.internal.tasks.compile.incremental.compilerapi.deps.DependentsSet::merge (230 bytes)
Event: 263.653 Thread 0x000002a9e5298870 nmethod 16759 0x000002a9ce140910 code [0x000002a9ce140ea0, 0x000002a9ce144328]
Event: 263.653 Thread 0x000002a9e5298870 16760       3       com.google.common.collect.AbstractMapBasedMultimap$AsMap::wrapEntry (29 bytes)
Event: 263.654 Thread 0x000002a9e5298870 nmethod 16760 0x000002a9ce307210 code [0x000002a9ce307400, 0x000002a9ce307b28]
Event: 263.658 Thread 0x000002a9e5298870 16762       3       com.google.common.collect.RegularImmutableMap$KeySet::contains (9 bytes)
Event: 263.658 Thread 0x000002a9e5298870 nmethod 16762 0x000002a9cdffc390 code [0x000002a9cdffc540, 0x000002a9cdffc828]
Event: 263.658 Thread 0x000002a9e5298870 16764       3       com.google.common.collect.Sets$3$1::computeNext (48 bytes)
Event: 263.658 Thread 0x000002a9e5298870 nmethod 16764 0x000002a9ce388490 code [0x000002a9ce388680, 0x000002a9ce388be8]
Event: 263.659 Thread 0x000002a9e5298870 16763       1       org.gradle.api.internal.tasks.compile.incremental.compilerapi.deps.DependentsSet$EmptyDependentsSet::isDependencyToAll (2 bytes)
Event: 263.659 Thread 0x000002a9e5298870 nmethod 16763 0x000002a9d5d82210 code [0x000002a9d5d823a0, 0x000002a9d5d82478]
Event: 263.659 Thread 0x000002a9e5298870 16765       3       org.gradle.api.internal.tasks.compile.incremental.deps.ClassSetAnalysisData::getDependents (91 bytes)
Event: 263.660 Thread 0x000002a9e5298870 nmethod 16765 0x000002a9cee05110 code [0x000002a9cee05420, 0x000002a9cee06548]
Event: 263.660 Thread 0x000002a9e5298870 16766       3       org.gradle.api.internal.tasks.compile.incremental.compilerapi.deps.DependentsSet::empty (4 bytes)
Event: 263.660 Thread 0x000002a9e5298870 nmethod 16766 0x000002a9ce193f10 code [0x000002a9ce1940a0, 0x000002a9ce1941f8]
Event: 263.660 Thread 0x000002a9e5298870 16767       3       org.gradle.api.internal.tasks.compile.incremental.compilerapi.deps.DependentsSet$EmptyDependentsSet::access$200 (4 bytes)
Event: 263.660 Thread 0x000002a9e5298870 nmethod 16767 0x000002a9ce1f7e90 code [0x000002a9ce1f8020, 0x000002a9ce1f8118]

GC Heap History (20 events):
Event: 12.378 GC heap before
{Heap before GC invocations=34 (full 0):
 garbage-first heap   total 249856K, used 194812K [0x0000000080000000, 0x0000000100000000)
  region size 1024K, 117 young (119808K), 13 survivors (13312K)
 Metaspace       used 93524K, committed 94208K, reserved 1179648K
  class space    used 13008K, committed 13312K, reserved 1048576K
}
Event: 12.392 GC heap after
{Heap after GC invocations=35 (full 0):
 garbage-first heap   total 249856K, used 93458K [0x0000000080000000, 0x0000000100000000)
  region size 1024K, 12 young (12288K), 12 survivors (12288K)
 Metaspace       used 93524K, committed 94208K, reserved 1179648K
  class space    used 13008K, committed 13312K, reserved 1048576K
}
Event: 13.430 GC heap before
{Heap before GC invocations=35 (full 0):
 garbage-first heap   total 249856K, used 199954K [0x0000000080000000, 0x0000000100000000)
  region size 1024K, 116 young (118784K), 12 survivors (12288K)
 Metaspace       used 100850K, committed 101568K, reserved 1179648K
  class space    used 14087K, committed 14400K, reserved 1048576K
}
Event: 13.443 GC heap after
{Heap after GC invocations=36 (full 0):
 garbage-first heap   total 249856K, used 100912K [0x0000000080000000, 0x0000000100000000)
  region size 1024K, 15 young (15360K), 15 survivors (15360K)
 Metaspace       used 100850K, committed 101568K, reserved 1179648K
  class space    used 14087K, committed 14400K, reserved 1048576K
}
Event: 14.596 GC heap before
{Heap before GC invocations=36 (full 0):
 garbage-first heap   total 249856K, used 206384K [0x0000000080000000, 0x0000000100000000)
  region size 1024K, 112 young (114688K), 15 survivors (15360K)
 Metaspace       used 105161K, committed 105984K, reserved 1179648K
  class space    used 14546K, committed 14912K, reserved 1048576K
}
Event: 14.617 GC heap after
{Heap after GC invocations=37 (full 0):
 garbage-first heap   total 249856K, used 118630K [0x0000000080000000, 0x0000000100000000)
  region size 1024K, 14 young (14336K), 14 survivors (14336K)
 Metaspace       used 105161K, committed 105984K, reserved 1179648K
  class space    used 14546K, committed 14912K, reserved 1048576K
}
Event: 15.552 GC heap before
{Heap before GC invocations=37 (full 0):
 garbage-first heap   total 249856K, used 207718K [0x0000000080000000, 0x0000000100000000)
  region size 1024K, 85 young (87040K), 14 survivors (14336K)
 Metaspace       used 110234K, committed 111040K, reserved 1179648K
  class space    used 15110K, committed 15488K, reserved 1048576K
}
Event: 15.563 GC heap after
{Heap after GC invocations=38 (full 0):
 garbage-first heap   total 249856K, used 124620K [0x0000000080000000, 0x0000000100000000)
  region size 1024K, 8 young (8192K), 8 survivors (8192K)
 Metaspace       used 110234K, committed 111040K, reserved 1179648K
  class space    used 15110K, committed 15488K, reserved 1048576K
}
Event: 16.187 GC heap before
{Heap before GC invocations=38 (full 0):
 garbage-first heap   total 249856K, used 193228K [0x0000000080000000, 0x0000000100000000)
  region size 1024K, 76 young (77824K), 8 survivors (8192K)
 Metaspace       used 110648K, committed 111424K, reserved 1179648K
  class space    used 15150K, committed 15552K, reserved 1048576K
}
Event: 16.197 GC heap after
{Heap after GC invocations=39 (full 0):
 garbage-first heap   total 249856K, used 128716K [0x0000000080000000, 0x0000000100000000)
  region size 1024K, 7 young (7168K), 7 survivors (7168K)
 Metaspace       used 110648K, committed 111424K, reserved 1179648K
  class space    used 15150K, committed 15552K, reserved 1048576K
}
Event: 16.962 GC heap before
{Heap before GC invocations=39 (full 0):
 garbage-first heap   total 249856K, used 195276K [0x0000000080000000, 0x0000000100000000)
  region size 1024K, 73 young (74752K), 7 survivors (7168K)
 Metaspace       used 112516K, committed 113344K, reserved 1179648K
  class space    used 15375K, committed 15808K, reserved 1048576K
}
Event: 16.970 GC heap after
{Heap after GC invocations=40 (full 0):
 garbage-first heap   total 249856K, used 133411K [0x0000000080000000, 0x0000000100000000)
  region size 1024K, 8 young (8192K), 8 survivors (8192K)
 Metaspace       used 112516K, committed 113344K, reserved 1179648K
  class space    used 15375K, committed 15808K, reserved 1048576K
}
Event: 17.043 GC heap before
{Heap before GC invocations=40 (full 0):
 garbage-first heap   total 249856K, used 159011K [0x0000000080000000, 0x0000000100000000)
  region size 1024K, 15 young (15360K), 8 survivors (8192K)
 Metaspace       used 113149K, committed 113984K, reserved 1179648K
  class space    used 15464K, committed 15872K, reserved 1048576K
}
Event: 17.049 GC heap after
{Heap after GC invocations=41 (full 0):
 garbage-first heap   total 249856K, used 154825K [0x0000000080000000, 0x0000000100000000)
  region size 1024K, 2 young (2048K), 2 survivors (2048K)
 Metaspace       used 113149K, committed 113984K, reserved 1179648K
  class space    used 15464K, committed 15872K, reserved 1048576K
}
Event: 259.912 GC heap before
{Heap before GC invocations=42 (full 0):
 garbage-first heap   total 254976K, used 209097K [0x0000000080000000, 0x0000000100000000)
  region size 1024K, 51 young (52224K), 2 survivors (2048K)
 Metaspace       used 114643K, committed 115456K, reserved 1179648K
  class space    used 15681K, committed 16064K, reserved 1048576K
}
Event: 259.918 GC heap after
{Heap after GC invocations=43 (full 0):
 garbage-first heap   total 254976K, used 131318K [0x0000000080000000, 0x0000000100000000)
  region size 1024K, 4 young (4096K), 4 survivors (4096K)
 Metaspace       used 114643K, committed 115456K, reserved 1179648K
  class space    used 15681K, committed 16064K, reserved 1048576K
}
Event: 260.046 GC heap before
{Heap before GC invocations=43 (full 0):
 garbage-first heap   total 254976K, used 139510K [0x0000000080000000, 0x0000000100000000)
  region size 1024K, 12 young (12288K), 4 survivors (4096K)
 Metaspace       used 114729K, committed 115520K, reserved 1179648K
  class space    used 15681K, committed 16064K, reserved 1048576K
}
Event: 260.052 GC heap after
{Heap after GC invocations=44 (full 0):
 garbage-first heap   total 254976K, used 121874K [0x0000000080000000, 0x0000000100000000)
  region size 1024K, 2 young (2048K), 2 survivors (2048K)
 Metaspace       used 114729K, committed 115520K, reserved 1179648K
  class space    used 15681K, committed 16064K, reserved 1048576K
}
Event: 261.275 GC heap before
{Heap before GC invocations=44 (full 0):
 garbage-first heap   total 254976K, used 203794K [0x0000000080000000, 0x0000000100000000)
  region size 1024K, 83 young (84992K), 2 survivors (2048K)
 Metaspace       used 117745K, committed 118656K, reserved 1179648K
  class space    used 16010K, committed 16448K, reserved 1048576K
}
Event: 261.287 GC heap after
{Heap after GC invocations=45 (full 0):
 garbage-first heap   total 254976K, used 131202K [0x0000000080000000, 0x0000000100000000)
  region size 1024K, 11 young (11264K), 11 survivors (11264K)
 Metaspace       used 117745K, committed 118656K, reserved 1179648K
  class space    used 16010K, committed 16448K, reserved 1048576K
}

Dll operation events (3 events):
Event: 0.011 Loaded shared library C:\Program Files\Android\Android Studio\jbr\bin\java.dll
Event: 0.165 Loaded shared library C:\Program Files\Android\Android Studio\jbr\bin\zip.dll
Event: 0.511 Loaded shared library C:\Program Files\Android\Android Studio\jbr\bin\verify.dll

Deoptimization events (20 events):
Event: 263.488 Thread 0x000002a9f09de930 Uncommon trap: trap_request=0xffffffbe fr.pc=0x000002a9d63a25d4 relative=0x0000000000001554
Event: 263.488 Thread 0x000002a9f09de930 Uncommon trap: reason=profile_predicate action=maybe_recompile pc=0x000002a9d63a25d4 method=sun.net.www.ParseUtil.firstEncodeIndex(Ljava/lang/String;)I @ 9 c2
Event: 263.488 Thread 0x000002a9f09de930 DEOPT PACKING pc=0x000002a9d63a25d4 sp=0x000000db341f9d30
Event: 263.488 Thread 0x000002a9f09de930 DEOPT UNPACKING pc=0x000002a9d55069a3 sp=0x000000db341f9c08 mode 2
Event: 263.578 Thread 0x000002a9ee61d8e0 Uncommon trap: trap_request=0xffffff45 fr.pc=0x000002a9d5b669c8 relative=0x00000000000000c8
Event: 263.578 Thread 0x000002a9ee61d8e0 Uncommon trap: reason=unstable_if action=reinterpret pc=0x000002a9d5b669c8 method=com.google.common.collect.HashBiMap.seekByValue(Ljava/lang/Object;I)Lcom/google/common/collect/HashBiMap$BiEntry; @ 21 c2
Event: 263.578 Thread 0x000002a9ee61d8e0 DEOPT PACKING pc=0x000002a9d5b669c8 sp=0x000000db32efeb10
Event: 263.578 Thread 0x000002a9ee61d8e0 DEOPT UNPACKING pc=0x000002a9d55069a3 sp=0x000000db32efea98 mode 2
Event: 263.606 Thread 0x000002a9ee61d8e0 Uncommon trap: trap_request=0xffffff45 fr.pc=0x000002a9d5bbc160 relative=0x0000000000000b20
Event: 263.606 Thread 0x000002a9ee61d8e0 Uncommon trap: reason=unstable_if action=reinterpret pc=0x000002a9d5bbc160 method=org.gradle.internal.io.StreamByteBuffer$StreamByteBufferInputStream.readImpl([BII)I @ 49 c2
Event: 263.606 Thread 0x000002a9ee61d8e0 DEOPT PACKING pc=0x000002a9d5bbc160 sp=0x000000db32efecb0
Event: 263.606 Thread 0x000002a9ee61d8e0 DEOPT UNPACKING pc=0x000002a9d55069a3 sp=0x000000db32efebe0 mode 2
Event: 263.632 Thread 0x000002a9ee61e300 Uncommon trap: trap_request=0xffffff45 fr.pc=0x000002a9d5c6c754 relative=0x00000000000005b4
Event: 263.632 Thread 0x000002a9ee61e300 Uncommon trap: reason=unstable_if action=reinterpret pc=0x000002a9d5c6c754 method=org.objectweb.asm.ClassReader.readUtf(II[C)Ljava/lang/String; @ 41 c2
Event: 263.632 Thread 0x000002a9ee61e300 DEOPT PACKING pc=0x000002a9d5c6c754 sp=0x000000db36cfd320
Event: 263.632 Thread 0x000002a9ee61e300 DEOPT UNPACKING pc=0x000002a9d55069a3 sp=0x000000db36cfd2c8 mode 2
Event: 263.634 Thread 0x000002a9ee61e300 Uncommon trap: trap_request=0xffffff45 fr.pc=0x000002a9d5e2775c relative=0x00000000000001bc
Event: 263.634 Thread 0x000002a9ee61e300 Uncommon trap: reason=unstable_if action=reinterpret pc=0x000002a9d5e2775c method=org.objectweb.asm.Type.getTypeInternal(Ljava/lang/String;II)Lorg/objectweb/asm/Type; @ 5 c2
Event: 263.634 Thread 0x000002a9ee61e300 DEOPT PACKING pc=0x000002a9d5e2775c sp=0x000000db36cfd2b0
Event: 263.634 Thread 0x000002a9ee61e300 DEOPT UNPACKING pc=0x000002a9d55069a3 sp=0x000000db36cfd260 mode 2

Classes unloaded (4 events):
Event: 17.141 Thread 0x000002a9e50b5450 Unloading class 0x0000000100e1ac00 'java/lang/invoke/LambdaForm$DMH+0x0000000100e1ac00'
Event: 17.141 Thread 0x000002a9e50b5450 Unloading class 0x0000000100e1a400 'java/lang/invoke/LambdaForm$DMH+0x0000000100e1a400'
Event: 17.141 Thread 0x000002a9e50b5450 Unloading class 0x0000000100e1a800 'java/lang/invoke/LambdaForm$DMH+0x0000000100e1a800'
Event: 17.141 Thread 0x000002a9e50b5450 Unloading class 0x0000000100e1a000 'java/lang/invoke/LambdaForm$DMH+0x0000000100e1a000'

Classes redefined (0 events):
No events

Internal exceptions (20 events):
Event: 261.264 Thread 0x000002a9f09de930 Exception <a 'java/lang/NoSuchMethodError'{0x000000008a457160}: static Lorg/jetbrains/kotlin/build/report/metrics/GcMetrics;.<clinit>()V> (0x000000008a457160) 
thrown [s\src\hotspot\share\prims\jni.cpp, line 1127]
Event: 261.274 Thread 0x000002a9f09e11b0 Exception <a 'sun/nio/fs/WindowsException'{0x000000008a4c29a8}> (0x000000008a4c29a8) 
thrown [s\src\hotspot\share\prims\jni.cpp, line 531]
Event: 261.373 Thread 0x000002a9f09da760 Exception <a 'sun/nio/fs/WindowsException'{0x000000008f6555d8}> (0x000000008f6555d8) 
thrown [s\src\hotspot\share\prims\jni.cpp, line 531]
Event: 261.373 Thread 0x000002a9f09da760 Exception <a 'sun/nio/fs/WindowsException'{0x000000008f657630}> (0x000000008f657630) 
thrown [s\src\hotspot\share\prims\jni.cpp, line 531]
Event: 261.386 Thread 0x000002a9f09da250 Exception <a 'sun/nio/fs/WindowsException'{0x000000008ed243d0}> (0x000000008ed243d0) 
thrown [s\src\hotspot\share\prims\jni.cpp, line 531]
Event: 261.437 Thread 0x000002a9ec6dea60 Exception <a 'java/lang/NoSuchMethodError'{0x000000008ecde288}: static Lorg/jetbrains/kotlin/daemon/common/LoopbackNetworkInterface$AbstractClientLoopbackSocketFactory;.<clinit>()V> (0x000000008ecde288) 
thrown [s\src\hotspot\share\prims\jni.cpp, line 1127]
Event: 261.437 Thread 0x000002a9ec6dea60 Exception <a 'java/lang/NoSuchMethodError'{0x000000008ecea080}: static Lorg/jetbrains/kotlin/daemon/common/LoopbackNetworkInterface$ClientLoopbackSocketFactory;.<clinit>()V> (0x000000008ecea080) 
thrown [s\src\hotspot\share\prims\jni.cpp, line 1127]
Event: 261.449 Thread 0x000002a9ec6dea60 Exception <a 'java/lang/NoSuchMethodError'{0x000000008eb5d808}: static [Ljava/rmi/server/ObjID;.<clinit>()V> (0x000000008eb5d808) 
thrown [s\src\hotspot\share\prims\jni.cpp, line 1127]
Event: 261.450 Thread 0x000002a9ec6dea60 Exception <a 'java/lang/NoSuchMethodError'{0x000000008eb81b00}: static [B.<clinit>()V> (0x000000008eb81b00) 
thrown [s\src\hotspot\share\prims\jni.cpp, line 1127]
Event: 261.452 Thread 0x000002a9ec6def70 Exception <a 'java/lang/InterruptedException'{0x000000008eb8dc18}> (0x000000008eb8dc18) 
thrown [s\src\hotspot\share\runtime\objectMonitor.cpp, line 1658]
Event: 261.453 Thread 0x000002a9ec6def70 Exception <a 'java/lang/NoSuchMethodError'{0x000000008eb961a0}: 'java.lang.Object java.lang.invoke.DirectMethodHandle$Holder.newInvokeSpecial(java.lang.Object, java.lang.Object, int, java.lang.Object, long)'> (0x000000008eb961a0) 
thrown [s\src\hotspot\share\interpreter\linkResolver.cpp, line 771]
Event: 261.464 Thread 0x000002a9ec6dea60 Exception <a 'java/lang/NoSuchMethodError'{0x000000008ebe0d30}: static Lorg/jetbrains/kotlin/daemon/common/CompileService$CallResult;.<clinit>()V> (0x000000008ebe0d30) 
thrown [s\src\hotspot\share\prims\jni.cpp, line 1127]
Event: 261.464 Thread 0x000002a9ec6dea60 Exception <a 'java/lang/NoSuchMethodError'{0x000000008ebece38}: static Lorg/jetbrains/kotlin/daemon/common/CompileService$CallResult$Good;.<clinit>()V> (0x000000008ebece38) 
thrown [s\src\hotspot\share\prims\jni.cpp, line 1127]
Event: 261.465 Thread 0x000002a9ec6dea60 Exception <a 'java/lang/NoSuchMethodError'{0x000000008ebfa598}: static Lorg/jetbrains/kotlin/daemon/common/DaemonJVMOptions;.<clinit>()V> (0x000000008ebfa598) 
thrown [s\src\hotspot\share\prims\jni.cpp, line 1127]
Event: 261.472 Thread 0x000002a9ec6dea60 Exception <a 'java/lang/NoSuchMethodError'{0x000000008ea372e8}: static Lorg/jetbrains/kotlin/daemon/common/CompileService$CallResult$Ok;.<clinit>()V> (0x000000008ea372e8) 
thrown [s\src\hotspot\share\prims\jni.cpp, line 1127]
Event: 261.499 Thread 0x000002a9ec6dea60 Exception <a 'java/lang/NoSuchMethodError'{0x000000008e9f0990}: static [Ljava/lang/Integer;.<clinit>()V> (0x000000008e9f0990) 
thrown [s\src\hotspot\share\prims\jni.cpp, line 1127]
Event: 263.443 Thread 0x000002a9f09de930 Implicit null exception at 0x000002a9d5d9c9d1 to 0x000002a9d5d9d758
Event: 263.443 Thread 0x000002a9f09de930 Implicit null exception at 0x000002a9d5e31095 to 0x000002a9d5e31948
Event: 263.444 Thread 0x000002a9f09de930 Implicit null exception at 0x000002a9d5ec0780 to 0x000002a9d5ec0a18
Event: 263.444 Thread 0x000002a9f09de930 Implicit null exception at 0x000002a9d6189ab0 to 0x000002a9d6189ed0

VM Operations (20 events):
Event: 261.243 Executing VM operation: HandshakeAllThreads
Event: 261.243 Executing VM operation: HandshakeAllThreads done
Event: 261.274 Executing VM operation: G1CollectForAllocation
Event: 261.288 Executing VM operation: G1CollectForAllocation done
Event: 261.420 Executing VM operation: HandshakeAllThreads
Event: 261.420 Executing VM operation: HandshakeAllThreads done
Event: 261.460 Executing VM operation: HandshakeAllThreads
Event: 261.460 Executing VM operation: HandshakeAllThreads done
Event: 262.461 Executing VM operation: Cleanup
Event: 262.461 Executing VM operation: Cleanup done
Event: 263.439 Executing VM operation: HandshakeAllThreads
Event: 263.439 Executing VM operation: HandshakeAllThreads done
Event: 263.439 Executing VM operation: HandshakeAllThreads
Event: 263.440 Executing VM operation: HandshakeAllThreads done
Event: 263.469 Executing VM operation: ICBufferFull
Event: 263.470 Executing VM operation: ICBufferFull done
Event: 263.480 Executing VM operation: HandshakeAllThreads
Event: 263.480 Executing VM operation: HandshakeAllThreads done
Event: 263.544 Executing VM operation: HandshakeAllThreads
Event: 263.544 Executing VM operation: HandshakeAllThreads done

Events (20 events):
Event: 263.567 Thread 0x000002a9e52b57e0 flushing nmethod 0x000002a9cf58fe90
Event: 263.567 Thread 0x000002a9e52b57e0 flushing nmethod 0x000002a9cf591210
Event: 263.567 Thread 0x000002a9e52b57e0 flushing nmethod 0x000002a9cf5ab410
Event: 263.567 Thread 0x000002a9e52b57e0 flushing nmethod 0x000002a9cf5eb490
Event: 263.567 Thread 0x000002a9e52b57e0 flushing nmethod 0x000002a9cf5ee990
Event: 263.567 Thread 0x000002a9e52b57e0 flushing nmethod 0x000002a9cf648190
Event: 263.568 Thread 0x000002a9e52b57e0 flushing nmethod 0x000002a9cf672e10
Event: 263.568 Thread 0x000002a9e52b57e0 flushing nmethod 0x000002a9cf674590
Event: 263.568 Thread 0x000002a9e52b57e0 flushing nmethod 0x000002a9cf679710
Event: 263.568 Thread 0x000002a9e52b57e0 flushing nmethod 0x000002a9cf704710
Event: 263.568 Thread 0x000002a9e52b57e0 flushing nmethod 0x000002a9cf709010
Event: 263.568 Thread 0x000002a9e52b57e0 flushing nmethod 0x000002a9cf78d290
Event: 263.569 Thread 0x000002a9e52b57e0 flushing nmethod 0x000002a9cf7ef590
Event: 263.569 Thread 0x000002a9e52b57e0 flushing nmethod 0x000002a9cf897810
Event: 263.570 Thread 0x000002a9e52b57e0 flushing nmethod 0x000002a9cf94d510
Event: 263.570 Thread 0x000002a9e52b57e0 flushing nmethod 0x000002a9cfa32790
Event: 263.571 Thread 0x000002a9e52b57e0 flushing nmethod 0x000002a9cfa79b10
Event: 263.576 Thread 0x000002a9eba168f0 Thread added: 0x000002a9eba168f0
Event: 263.622 loading class java/util/concurrent/RecursiveAction
Event: 263.622 loading class java/util/concurrent/RecursiveAction done


Dynamic libraries:
0x00007ff6dc630000 - 0x00007ff6dc63a000 	C:\Program Files\Android\Android Studio\jbr\bin\java.exe
0x00007ffe9fa10000 - 0x00007ffe9fc27000 	C:\WINDOWS\SYSTEM32\ntdll.dll
0x00007ffe9e190000 - 0x00007ffe9e254000 	C:\WINDOWS\System32\KERNEL32.DLL
0x00007ffe9cea0000 - 0x00007ffe9d25a000 	C:\WINDOWS\System32\KERNELBASE.dll
0x00007ffe9d480000 - 0x00007ffe9d591000 	C:\WINDOWS\System32\ucrtbase.dll
0x00007ffe84340000 - 0x00007ffe84357000 	C:\Program Files\Android\Android Studio\jbr\bin\jli.dll
0x00007ffe87b30000 - 0x00007ffe87b4b000 	C:\Program Files\Android\Android Studio\jbr\bin\VCRUNTIME140.dll
0x00007ffe9df00000 - 0x00007ffe9e0ae000 	C:\WINDOWS\System32\USER32.dll
0x00007ffe85960000 - 0x00007ffe85bf2000 	C:\WINDOWS\WinSxS\amd64_microsoft.windows.common-controls_6595b64144ccf1df_6.0.22621.4541_none_2710d1c57384c085\COMCTL32.dll
0x00007ffe9d6e0000 - 0x00007ffe9d706000 	C:\WINDOWS\System32\win32u.dll
0x00007ffe9d9d0000 - 0x00007ffe9da77000 	C:\WINDOWS\System32\msvcrt.dll
0x00007ffe9da80000 - 0x00007ffe9daa9000 	C:\WINDOWS\System32\GDI32.dll
0x00007ffe9cce0000 - 0x00007ffe9cdfb000 	C:\WINDOWS\System32\gdi32full.dll
0x00007ffe9ce00000 - 0x00007ffe9ce9a000 	C:\WINDOWS\System32\msvcp_win.dll
0x00007ffe9dab0000 - 0x00007ffe9dae1000 	C:\WINDOWS\System32\IMM32.DLL
0x00007ffe7ac60000 - 0x00007ffe7ac6c000 	C:\Program Files\Android\Android Studio\jbr\bin\vcruntime140_1.dll
0x00007ffe14a80000 - 0x00007ffe14b0d000 	C:\Program Files\Android\Android Studio\jbr\bin\msvcp140.dll
0x00007ffe1f3f0000 - 0x00007ffe20073000 	C:\Program Files\Android\Android Studio\jbr\bin\server\jvm.dll
0x00007ffe9f040000 - 0x00007ffe9f0f2000 	C:\WINDOWS\System32\ADVAPI32.dll
0x00007ffe9dbe0000 - 0x00007ffe9dc87000 	C:\WINDOWS\System32\sechost.dll
0x00007ffe9d260000 - 0x00007ffe9d288000 	C:\WINDOWS\System32\bcrypt.dll
0x00007ffe9f740000 - 0x00007ffe9f854000 	C:\WINDOWS\System32\RPCRT4.dll
0x00007ffe9bb30000 - 0x00007ffe9bb7d000 	C:\WINDOWS\SYSTEM32\POWRPROF.dll
0x00007ffe95ad0000 - 0x00007ffe95b04000 	C:\WINDOWS\SYSTEM32\WINMM.dll
0x00007ffe995d0000 - 0x00007ffe995d9000 	C:\WINDOWS\SYSTEM32\WSOCK32.dll
0x00007ffe93ec0000 - 0x00007ffe93eca000 	C:\WINDOWS\SYSTEM32\VERSION.dll
0x00007ffe9d950000 - 0x00007ffe9d9c1000 	C:\WINDOWS\System32\WS2_32.dll
0x00007ffe9bb10000 - 0x00007ffe9bb23000 	C:\WINDOWS\SYSTEM32\UMPDC.dll
0x00007ffe9bdd0000 - 0x00007ffe9bde8000 	C:\WINDOWS\SYSTEM32\kernel.appcore.dll
0x00007ffe973b0000 - 0x00007ffe973ba000 	C:\Program Files\Android\Android Studio\jbr\bin\jimage.dll
0x00007ffe9a5a0000 - 0x00007ffe9a7d2000 	C:\WINDOWS\SYSTEM32\DBGHELP.DLL
0x00007ffe9f3b0000 - 0x00007ffe9f73f000 	C:\WINDOWS\System32\combase.dll
0x00007ffe9e0b0000 - 0x00007ffe9e187000 	C:\WINDOWS\System32\OLEAUT32.dll
0x00007ffe86090000 - 0x00007ffe860c2000 	C:\WINDOWS\SYSTEM32\dbgcore.DLL
0x00007ffe9d290000 - 0x00007ffe9d30b000 	C:\WINDOWS\System32\bcryptPrimitives.dll
0x00007ffe8e020000 - 0x00007ffe8e02e000 	C:\Program Files\Android\Android Studio\jbr\bin\instrument.dll
0x00007ffe94df0000 - 0x00007ffe94e15000 	C:\Program Files\Android\Android Studio\jbr\bin\java.dll
0x00007ffe85d10000 - 0x00007ffe85d28000 	C:\Program Files\Android\Android Studio\jbr\bin\zip.dll
0x00007ffe9e770000 - 0x00007ffe9efe8000 	C:\WINDOWS\System32\SHELL32.dll
0x00007ffe9abe0000 - 0x00007ffe9b4e8000 	C:\WINDOWS\SYSTEM32\windows.storage.dll
0x00007ffe9aaa0000 - 0x00007ffe9abdf000 	C:\WINDOWS\SYSTEM32\wintypes.dll
0x00007ffe9f860000 - 0x00007ffe9f95a000 	C:\WINDOWS\System32\SHCORE.dll
0x00007ffe9daf0000 - 0x00007ffe9db4e000 	C:\WINDOWS\System32\shlwapi.dll
0x00007ffe9cc10000 - 0x00007ffe9cc3b000 	C:\WINDOWS\SYSTEM32\profapi.dll
0x00007ffe85140000 - 0x00007ffe85159000 	C:\Program Files\Android\Android Studio\jbr\bin\net.dll
0x00007ffe98340000 - 0x00007ffe98476000 	C:\WINDOWS\SYSTEM32\WINHTTP.dll
0x00007ffe9c260000 - 0x00007ffe9c2c9000 	C:\WINDOWS\system32\mswsock.dll
0x00007ffe849e0000 - 0x00007ffe849f6000 	C:\Program Files\Android\Android Studio\jbr\bin\nio.dll
0x00007ffe92d60000 - 0x00007ffe92d70000 	C:\Program Files\Android\Android Studio\jbr\bin\verify.dll
0x00007ffe753c0000 - 0x00007ffe753e7000 	C:\Users\HP 15-cx0098ur\.gradle\native\c067742578af261105cb4f569cf0c3c89f3d7b1fecec35dd04571415982c5e48\windows-amd64\native-platform.dll
0x00007ffe49dd0000 - 0x00007ffe49f14000 	C:\Users\HP 15-cx0098ur\.gradle\native\38dada09dfb8b06ba9b0570ebf7e218e3eb74d4ef43ca46872605cf95ebc2f47\windows-amd64\native-platform-file-events.dll
0x00007ffe96440000 - 0x00007ffe96449000 	C:\Program Files\Android\Android Studio\jbr\bin\management.dll
0x00007ffe94de0000 - 0x00007ffe94deb000 	C:\Program Files\Android\Android Studio\jbr\bin\management_ext.dll
0x00007ffe9db50000 - 0x00007ffe9db58000 	C:\WINDOWS\System32\PSAPI.DLL
0x00007ffe9c4e0000 - 0x00007ffe9c4fb000 	C:\WINDOWS\SYSTEM32\CRYPTSP.dll
0x00007ffe9bd30000 - 0x00007ffe9bd65000 	C:\WINDOWS\system32\rsaenh.dll
0x00007ffe9c360000 - 0x00007ffe9c388000 	C:\WINDOWS\SYSTEM32\USERENV.dll
0x00007ffe9c500000 - 0x00007ffe9c50c000 	C:\WINDOWS\SYSTEM32\CRYPTBASE.dll
0x00007ffe9b7c0000 - 0x00007ffe9b7ed000 	C:\WINDOWS\SYSTEM32\IPHLPAPI.DLL
0x00007ffe9f100000 - 0x00007ffe9f109000 	C:\WINDOWS\System32\NSI.dll
0x00007ffe99260000 - 0x00007ffe99279000 	C:\WINDOWS\SYSTEM32\dhcpcsvc6.DLL
0x00007ffe990c0000 - 0x00007ffe990df000 	C:\WINDOWS\SYSTEM32\dhcpcsvc.DLL
0x00007ffe9b830000 - 0x00007ffe9b932000 	C:\WINDOWS\SYSTEM32\DNSAPI.dll
0x00007ffe96920000 - 0x00007ffe96929000 	C:\Program Files\Android\Android Studio\jbr\bin\extnet.dll
0x00007ffe973a0000 - 0x00007ffe973a8000 	C:\WINDOWS\system32\wshunix.dll
0x00007ffe85c20000 - 0x00007ffe85c37000 	C:\WINDOWS\system32\napinsp.dll
0x00007ffe85690000 - 0x00007ffe856ab000 	C:\WINDOWS\system32\pnrpnsp.dll
0x00007ffe85670000 - 0x00007ffe85681000 	C:\WINDOWS\System32\winrnr.dll
0x00007ffe6c210000 - 0x00007ffe6c225000 	C:\WINDOWS\system32\wshbth.dll
0x00007ffe85640000 - 0x00007ffe85667000 	C:\WINDOWS\system32\nlansp_c.dll
0x00007ffe93a80000 - 0x00007ffe93a8a000 	C:\Windows\System32\rasadhlp.dll
0x00007ffe95f40000 - 0x00007ffe95fc3000 	C:\WINDOWS\System32\fwpuclnt.dll
0x00007ffe9bef0000 - 0x00007ffe9bf24000 	C:\WINDOWS\SYSTEM32\ntmarta.dll
0x00007ffe8a620000 - 0x00007ffe8a627000 	C:\Program Files\Android\Android Studio\jbr\bin\rmi.dll

dbghelp: loaded successfully - version: 4.0.5 - missing functions: none
symbol engine: initialized successfully - sym options: 0x614 - pdb path: .;C:\Program Files\Android\Android Studio\jbr\bin;C:\WINDOWS\SYSTEM32;C:\WINDOWS\WinSxS\amd64_microsoft.windows.common-controls_6595b64144ccf1df_6.0.22621.4541_none_2710d1c57384c085;C:\Program Files\Android\Android Studio\jbr\bin\server;C:\Users\HP 15-cx0098ur\.gradle\native\c067742578af261105cb4f569cf0c3c89f3d7b1fecec35dd04571415982c5e48\windows-amd64;C:\Users\HP 15-cx0098ur\.gradle\native\38dada09dfb8b06ba9b0570ebf7e218e3eb74d4ef43ca46872605cf95ebc2f47\windows-amd64

VM Arguments:
jvm_args: --add-opens=java.base/java.util=ALL-UNNAMED --add-opens=java.base/java.lang=ALL-UNNAMED --add-opens=java.base/java.lang.invoke=ALL-UNNAMED --add-opens=java.prefs/java.util.prefs=ALL-UNNAMED --add-opens=java.base/java.nio.charset=ALL-UNNAMED --add-opens=java.base/java.net=ALL-UNNAMED --add-opens=java.base/java.util.concurrent.atomic=ALL-UNNAMED -Xmx2048m -Dfile.encoding=UTF-8 -Duser.country=RU -Duser.language=ru -Duser.variant -javaagent:C:\Users\HP 15-cx0098ur\.gradle\wrapper\dists\gradle-8.7-bin\bhs2wmbdwecv87pi65oeuq5iu\gradle-8.7\lib\agents\gradle-instrumentation-agent-8.7.jar 
java_command: org.gradle.launcher.daemon.bootstrap.GradleDaemon 8.7
java_class_path (initial): C:\Users\HP 15-cx0098ur\.gradle\wrapper\dists\gradle-8.7-bin\bhs2wmbdwecv87pi65oeuq5iu\gradle-8.7\lib\gradle-launcher-8.7.jar
Launcher Type: SUN_STANDARD

[Global flags]
     intx CICompilerCount                          = 4                                         {product} {ergonomic}
     uint ConcGCThreads                            = 2                                         {product} {ergonomic}
     uint G1ConcRefinementThreads                  = 8                                         {product} {ergonomic}
   size_t G1HeapRegionSize                         = 1048576                                   {product} {ergonomic}
    uintx GCDrainStackTargetSize                   = 64                                        {product} {ergonomic}
   size_t InitialHeapSize                          = 201326592                                 {product} {ergonomic}
   size_t MarkStackSize                            = 4194304                                   {product} {ergonomic}
   size_t MaxHeapSize                              = 2147483648                                {product} {command line}
   size_t MaxNewSize                               = 1287651328                                {product} {ergonomic}
   size_t MinHeapDeltaBytes                        = 1048576                                   {product} {ergonomic}
   size_t MinHeapSize                              = 8388608                                   {product} {ergonomic}
    uintx NonNMethodCodeHeapSize                   = 5839372                                {pd product} {ergonomic}
    uintx NonProfiledCodeHeapSize                  = 122909434                              {pd product} {ergonomic}
    uintx ProfiledCodeHeapSize                     = 122909434                              {pd product} {ergonomic}
    uintx ReservedCodeCacheSize                    = 251658240                              {pd product} {ergonomic}
     bool SegmentedCodeCache                       = true                                      {product} {ergonomic}
   size_t SoftMaxHeapSize                          = 2147483648                             {manageable} {ergonomic}
     bool UseCompressedClassPointers               = true                           {product lp64_product} {ergonomic}
     bool UseCompressedOops                        = true                           {product lp64_product} {ergonomic}
     bool UseG1GC                                  = true                                      {product} {ergonomic}
     bool UseLargePagesIndividualAllocation        = false                                  {pd product} {ergonomic}

Logging:
Log output configuration:
 #0: stdout all=warning uptime,level,tags
 #1: stderr all=off uptime,level,tags

Environment Variables:
JAVA_HOME=C:\Program Files\Java\jdk1.8.0_231
PATH=C:\Program Files (x86)\VMware\VMware Workstation\bin\;%M2%;C:\Program Files (x86)\Common Files\Oracle\Java\javapath;C:\ProgramData\Oracle\Java\javapath;C:\Program Files (x86)\Intel\Intel(R) Management Engine Components\iCLS\;C:\Program Files\Intel\Intel(R) Management Engine Components\iCLS\;C:\windows\system32;C:\windows;C:\windows\System32\Wbem;C:\windows\System32\WindowsPowerShell\v1.0\;C:\windows\System32\OpenSSH\;C:\Program Files (x86)\Intel\Intel(R) Management Engine Components\DAL;C:\Program Files\Intel\Intel(R) Management Engine Components\DAL;C:\Program Files (x86)\Intel\Intel(R) Management Engine Components\IPT;C:\Program Files\Intel\Intel(R) Management Engine Components\IPT;C:\Program Files (x86)\NVIDIA Corporation\PhysX\Common;C:\WINDOWS\system32;C:\WINDOWS;C:\WINDOWS\System32\Wbem;C:\WINDOWS\System32\WindowsPowerShell\v1.0\;C:\WINDOWS\System32\OpenSSH\;C:\WINDOWS\system32;C:\WINDOWS;C:\WINDOWS\System32\Wbem;C:\WINDOWS\System32\WindowsPowerShell\v1.0\;C:\WINDOWS\System32\OpenSSH\;C:\Program Files\Maven\bin;C:\Program Files (x86)\dotnet\;C:\Program Files (x86)\Microsoft SQL Server\100\Tools\Binn\;C:\Program Files\Microsoft SQL Server\100\Tools\Binn\;C:\Program Files\Microsoft SQL Server\100\DTS\Binn\;C:\Program Files\WireGuard\;C:\Program Files\nodejs\;C:\Program Files\dotnet\;C:\Program Files\Git\cmd;C:\Program Files\PowerShell\7\;C:\Program Files\NVIDIA Corporation\NVIDIA app\NvDLISR;C:\Users\HP 15-cx0098ur\AppData\Local\Programs\Python\Python39\Scripts\;C:\Users\HP 15-cx0098ur\AppData\Local\Programs\Python\Python39\;C:\Users\HP 15-cx0098ur\AppData\Local\Microsoft\WindowsApps;C:\Program Files\Maven\bin;;C:\Program Files\JetBrains\IntelliJ IDEA 2022.3.2\bin;;C:\Users\HP 15-cx0098ur\AppData\Local\Programs\Microsoft VS Code\bin;C:\Users\HP 15-cx0098ur\AppData\Roaming\npm
USERNAME=HP
OS=Windows_NT
PROCESSOR_IDENTIFIER=Intel64 Family 6 Model 158 Stepping 10, GenuineIntel
TMP=C:\Users\HP15-C~1\AppData\Local\Temp
TEMP=C:\Users\HP15-C~1\AppData\Local\Temp



Periodic native trim disabled

JNI global refs:
JNI global refs: 30, weak refs: 14

JNI global refs memory usage: 843, weak refs: 841

Process memory usage:
Resident Set Size: 572208K (4% of 12461172K total physical memory with 1348128K free physical memory)

OOME stack traces (most recent first):
Classloader memory used:
Loader org.gradle.internal.classloader.VisitableURLClassLoader                         : 5274K
Loader org.gradle.internal.classloader.VisitableURLClassLoader$InstrumentingVisitableURLClassLoader: 4483K
Loader bootstrap                                                                       : 3558K
Loader org.gradle.initialization.MixInLegacyTypesClassLoader                           : 1470K
Loader jdk.internal.reflect.DelegatingClassLoader                                      : 147K
Loader jdk.internal.loader.ClassLoaders$PlatformClassLoader                            : 70743B
Loader jdk.internal.loader.ClassLoaders$AppClassLoader                                 : 28721B
Loader org.gradle.internal.classloader.VisitableURLClassLoader                         : 21872B
Loader sun.reflect.misc.MethodUtil                                                     : 373B


[error occurred during error reporting (Classloader stats), id 0xe0000001, Out of Memory Error (s\src\hotspot\share\memory\arena.cpp:79)]


---------------  S Y S T E M  ---------------

OS:
 Windows 11 , 64 bit Build 22621 (10.0.22621.4391)
OS uptime: 0 days 2:42 hours
Hyper-V role detected

CPU: total 8 (initial active 8) (4 cores per cpu, 2 threads per core) family 6 model 158 stepping 10 microcode 0xf0, cx8, cmov, fxsr, ht, mmx, 3dnowpref, sse, sse2, sse3, ssse3, sse4.1, sse4.2, popcnt, lzcnt, tsc, tscinvbit, avx, avx2, aes, erms, clmul, bmi1, bmi2, adx, fma, vzeroupper, clflush, clflushopt, hv
Processor Information for all 8 processors :
  Max Mhz: 2304, Current Mhz: 2304, Mhz Limit: 2304

Memory: 4k page, system-wide physical 12169M (1317M free)
TotalPageFile size 14217M (AvailPageFile size 3M)
current process WorkingSet (physical memory assigned to process): 559M, peak: 575M
current process commit charge ("private bytes"): 594M, peak: 611M

vm_info: OpenJDK 64-Bit Server VM (17.0.11+0--11852314) for windows-amd64 JRE (17.0.11+0--11852314), built on May 16 2024 21:29:20 by "androidbuild" with MS VC++ 16.10 / 16.11 (VS2019)

END.
