#
# There is insufficient memory for the Java Runtime Environment to continue.
# Native memory allocation (malloc) failed to allocate 32744 bytes. Error detail: ChunkPool::allocate
# Possible reasons:
#   The system is out of physical RAM or swap space
#   This process is running with CompressedOops enabled, and the Java Heap may be blocking the growth of the native heap
# Possible solutions:
#   Reduce memory load on the system
#   Increase physical memory or swap space
#   Check if swap backing store is full
#   Decrease Java heap size (-Xmx/-Xms)
#   Decrease number of Java threads
#   Decrease Java thread stack sizes (-Xss)
#   Set larger code cache with -XX:ReservedCodeCacheSize=
#   JVM is running with Zero Based Compressed Oops mode in which the Java heap is
#     placed in the first 32GB address space. The Java Heap base address is the
#     maximum limit for the native heap growth. Please use -XX:HeapBaseMinAddress
#     to set the Java Heap base and to place the Java Heap above 32GB virtual address.
# This output file may be truncated or incomplete.
#
#  Out of Memory Error (arena.cpp:79), pid=8824, tid=8912
#
# JRE version: OpenJDK Runtime Environment (17.0.11) (build 17.0.11+0--11852314)
# Java VM: OpenJDK 64-Bit Server VM (17.0.11+0--11852314, mixed mode, tiered, compressed oops, compressed class ptrs, g1 gc, windows-amd64)
# No core dump will be written. Minidumps are not enabled by default on client versions of Windows
#

---------------  S U M M A R Y ------------

Command Line: org.jetbrains.kotlin.cli.jvm.K2JVMCompiler @C:\Users\HP 15-cx0098ur\AndroidStudioProjects\MyApplication2\app\build\20250101_16846119740082619875.compiler.options

Host: Intel(R) Core(TM) i5-8300H CPU @ 2.30GHz, 8 cores, 11G,  Windows 11 , 64 bit Build 22621 (10.0.22621.4391)
Time: Wed Jan  1 20:37:55 2025 RTZ 2 (s 11 , 64 bit Build 22621 (10.0.22621.4391) elapsed time: 1.274247 seconds (0d 0h 0m 1s)

---------------  T H R E A D  ---------------

Current thread (0x0000023130072910):  JavaThread "C1 CompilerThread0" daemon [_thread_in_native, id=8912, stack(0x0000004f50b00000,0x0000004f50c00000)]


Current CompileTask:
C1:   1274  746   !   3       kotlin.reflect.jvm.internal.impl.metadata.ProtoBuf$Type::<init> (875 bytes)

Stack: [0x0000004f50b00000,0x0000004f50c00000]
Native frames: (J=compiled Java code, j=interpreted, Vv=VM code, C=native code)
V  [jvm.dll+0x687bb9]
V  [jvm.dll+0x84142a]
V  [jvm.dll+0x8430ae]
V  [jvm.dll+0x843713]
V  [jvm.dll+0x24a35f]
V  [jvm.dll+0xac741]
V  [jvm.dll+0xacb8c]
V  [jvm.dll+0xb922d]
V  [jvm.dll+0x1701be]
V  [jvm.dll+0x170089]
V  [jvm.dll+0x174713]
V  [jvm.dll+0x170a59]
V  [jvm.dll+0x173977]
V  [jvm.dll+0x16097e]
V  [jvm.dll+0x14eb00]
V  [jvm.dll+0x137627]
V  [jvm.dll+0x136fbf]
V  [jvm.dll+0x1371f6]
V  [jvm.dll+0x13668a]
V  [jvm.dll+0x138341]
V  [jvm.dll+0x22b1ee]
V  [jvm.dll+0x229375]
V  [jvm.dll+0x7f5647]
V  [jvm.dll+0x7efa4a]
V  [jvm.dll+0x686a35]
C  [ucrtbase.dll+0x29333]
C  [KERNEL32.DLL+0x1259d]
C  [ntdll.dll+0x5af38]


---------------  P R O C E S S  ---------------

Threads class SMR info:
_java_thread_list=0x00000231305e5a00, length=12, elements={
0x000002310f8ed6e0, 0x00000231300083b0, 0x0000023130009230, 0x0000023130093550,
0x000002313002d8c0, 0x000002313002e280, 0x0000023130065440, 0x0000023130066540,
0x0000023130072910, 0x0000023130073310, 0x00000231301f8b10, 0x000002313020e5a0
}

Java Threads: ( => current thread )
  0x000002310f8ed6e0 JavaThread "main" [_thread_in_native, id=8060, stack(0x0000004f4fd00000,0x0000004f4fe00000)]
  0x00000231300083b0 JavaThread "Reference Handler" daemon [_thread_blocked, id=11176, stack(0x0000004f50400000,0x0000004f50500000)]
  0x0000023130009230 JavaThread "Finalizer" daemon [_thread_blocked, id=5324, stack(0x0000004f50500000,0x0000004f50600000)]
  0x0000023130093550 JavaThread "Signal Dispatcher" daemon [_thread_blocked, id=5160, stack(0x0000004f50600000,0x0000004f50700000)]
  0x000002313002d8c0 JavaThread "Attach Listener" daemon [_thread_blocked, id=13940, stack(0x0000004f50700000,0x0000004f50800000)]
  0x000002313002e280 JavaThread "Service Thread" daemon [_thread_blocked, id=15848, stack(0x0000004f50800000,0x0000004f50900000)]
  0x0000023130065440 JavaThread "Monitor Deflation Thread" daemon [_thread_blocked, id=17168, stack(0x0000004f50900000,0x0000004f50a00000)]
  0x0000023130066540 JavaThread "C2 CompilerThread0" daemon [_thread_in_native, id=10528, stack(0x0000004f50a00000,0x0000004f50b00000)]
=>0x0000023130072910 JavaThread "C1 CompilerThread0" daemon [_thread_in_native, id=8912, stack(0x0000004f50b00000,0x0000004f50c00000)]
  0x0000023130073310 JavaThread "Sweeper thread" daemon [_thread_blocked, id=17032, stack(0x0000004f50c00000,0x0000004f50d00000)]
  0x00000231301f8b10 JavaThread "Notification Thread" daemon [_thread_blocked, id=11136, stack(0x0000004f50d00000,0x0000004f50e00000)]
  0x000002313020e5a0 JavaThread "Common-Cleaner" daemon [_thread_blocked, id=13156, stack(0x0000004f50f00000,0x0000004f51000000)]

Other Threads:
  0x0000023130003680 VMThread "VM Thread" [stack: 0x0000004f50300000,0x0000004f50400000] [id=13920]
  0x00000231301fb400 WatcherThread [stack: 0x0000004f50e00000,0x0000004f50f00000] [id=3048]
  0x000002310f947100 GCTaskThread "GC Thread#0" [stack: 0x0000004f4fe00000,0x0000004f4ff00000] [id=6596]
  0x0000023130746030 GCTaskThread "GC Thread#1" [stack: 0x0000004f51000000,0x0000004f51100000] [id=2204]
  0x00000231306edfb0 GCTaskThread "GC Thread#2" [stack: 0x0000004f51100000,0x0000004f51200000] [id=13552]
  0x00000231306a3a30 GCTaskThread "GC Thread#3" [stack: 0x0000004f51200000,0x0000004f51300000] [id=17268]
  0x000002313080c830 GCTaskThread "GC Thread#4" [stack: 0x0000004f51300000,0x0000004f51400000] [id=7144]
  0x000002310f953e90 ConcurrentGCThread "G1 Main Marker" [stack: 0x0000004f4ff00000,0x0000004f50000000] [id=9540]
  0x000002310f9548b0 ConcurrentGCThread "G1 Conc#0" [stack: 0x0000004f50000000,0x0000004f50100000] [id=8112]
  0x000002310f996aa0 ConcurrentGCThread "G1 Refine#0" [stack: 0x0000004f50100000,0x0000004f50200000] [id=5848]
  0x000002310f9974d0 ConcurrentGCThread "G1 Service" [stack: 0x0000004f50200000,0x0000004f50300000] [id=15708]

Threads with active compile tasks:
C2 CompilerThread0     1304  729   !   4       java.util.zip.ZipFile::getEntry (59 bytes)
C1 CompilerThread0     1304  746   !   3       kotlin.reflect.jvm.internal.impl.metadata.ProtoBuf$Type::<init> (875 bytes)

VM state: not at safepoint (normal execution)

VM Mutex/Monitor currently owned by a thread:  ([mutex/lock_event])
[0x000002310f8e8500] Metaspace_lock - owner thread: 0x000002310f8ed6e0

Heap address: 0x0000000741c00000, size: 3044 MB, Compressed Oops mode: Zero based, Oop shift amount: 3

CDS archive(s) not mapped
Compressed class space mapped at: 0x0000000800000000-0x0000000840000000, reserved size: 1073741824
Narrow klass base: 0x0000000800000000, Narrow klass shift: 0, Narrow klass range: 0x40000000

GC Precious Log:
 CPUs: 8 total, 8 available
 Memory: 12169M
 Large Page Support: Disabled
 NUMA Support: Disabled
 Compressed Oops: Enabled (Zero based)
 Heap Region Size: 2M
 Heap Min Capacity: 8M
 Heap Initial Capacity: 192M
 Heap Max Capacity: 3044M
 Pre-touch: Disabled
 Parallel Workers: 8
 Concurrent Workers: 2
 Concurrent Refinement Workers: 8
 Periodic GC: Disabled

Heap:
 garbage-first heap   total 196608K, used 12742K [0x0000000741c00000, 0x0000000800000000)
  region size 2048K, 6 young (12288K), 2 survivors (4096K)
 Metaspace       used 14174K, committed 14272K, reserved 1114112K
  class space    used 1394K, committed 1472K, reserved 1048576K

Heap Regions: E=young(eden), S=young(survivor), O=old, HS=humongous(starts), HC=humongous(continues), CS=collection set, F=free, OA=open archive, CA=closed archive, TAMS=top-at-mark-start (previous, next)
|   0|0x0000000741c00000, 0x0000000741e00000, 0x0000000741e00000|100%|HS|  |TAMS 0x0000000741c00000, 0x0000000741c00000| Complete 
|   1|0x0000000741e00000, 0x0000000742000000, 0x0000000742000000|100%|HC|  |TAMS 0x0000000741e00000, 0x0000000741e00000| Complete 
|   2|0x0000000742000000, 0x0000000742000000, 0x0000000742200000|  0%| F|  |TAMS 0x0000000742000000, 0x0000000742000000| Untracked 
|   3|0x0000000742200000, 0x0000000742200000, 0x0000000742400000|  0%| F|  |TAMS 0x0000000742200000, 0x0000000742200000| Untracked 
|   4|0x0000000742400000, 0x0000000742400000, 0x0000000742600000|  0%| F|  |TAMS 0x0000000742400000, 0x0000000742400000| Untracked 
|   5|0x0000000742600000, 0x0000000742600000, 0x0000000742800000|  0%| F|  |TAMS 0x0000000742600000, 0x0000000742600000| Untracked 
|   6|0x0000000742800000, 0x0000000742800000, 0x0000000742a00000|  0%| F|  |TAMS 0x0000000742800000, 0x0000000742800000| Untracked 
|   7|0x0000000742a00000, 0x0000000742a00000, 0x0000000742c00000|  0%| F|  |TAMS 0x0000000742a00000, 0x0000000742a00000| Untracked 
|   8|0x0000000742c00000, 0x0000000742c00000, 0x0000000742e00000|  0%| F|  |TAMS 0x0000000742c00000, 0x0000000742c00000| Untracked 
|   9|0x0000000742e00000, 0x0000000742e00000, 0x0000000743000000|  0%| F|  |TAMS 0x0000000742e00000, 0x0000000742e00000| Untracked 
|  10|0x0000000743000000, 0x0000000743000000, 0x0000000743200000|  0%| F|  |TAMS 0x0000000743000000, 0x0000000743000000| Untracked 
|  11|0x0000000743200000, 0x0000000743200000, 0x0000000743400000|  0%| F|  |TAMS 0x0000000743200000, 0x0000000743200000| Untracked 
|  12|0x0000000743400000, 0x0000000743400000, 0x0000000743600000|  0%| F|  |TAMS 0x0000000743400000, 0x0000000743400000| Untracked 
|  13|0x0000000743600000, 0x0000000743600000, 0x0000000743800000|  0%| F|  |TAMS 0x0000000743600000, 0x0000000743600000| Untracked 
|  14|0x0000000743800000, 0x0000000743800000, 0x0000000743a00000|  0%| F|  |TAMS 0x0000000743800000, 0x0000000743800000| Untracked 
|  15|0x0000000743a00000, 0x0000000743a00000, 0x0000000743c00000|  0%| F|  |TAMS 0x0000000743a00000, 0x0000000743a00000| Untracked 
|  16|0x0000000743c00000, 0x0000000743c00000, 0x0000000743e00000|  0%| F|  |TAMS 0x0000000743c00000, 0x0000000743c00000| Untracked 
|  17|0x0000000743e00000, 0x0000000743e00000, 0x0000000744000000|  0%| F|  |TAMS 0x0000000743e00000, 0x0000000743e00000| Untracked 
|  18|0x0000000744000000, 0x0000000744000000, 0x0000000744200000|  0%| F|  |TAMS 0x0000000744000000, 0x0000000744000000| Untracked 
|  19|0x0000000744200000, 0x0000000744200000, 0x0000000744400000|  0%| F|  |TAMS 0x0000000744200000, 0x0000000744200000| Untracked 
|  20|0x0000000744400000, 0x0000000744400000, 0x0000000744600000|  0%| F|  |TAMS 0x0000000744400000, 0x0000000744400000| Untracked 
|  21|0x0000000744600000, 0x0000000744600000, 0x0000000744800000|  0%| F|  |TAMS 0x0000000744600000, 0x0000000744600000| Untracked 
|  22|0x0000000744800000, 0x0000000744800000, 0x0000000744a00000|  0%| F|  |TAMS 0x0000000744800000, 0x0000000744800000| Untracked 
|  23|0x0000000744a00000, 0x0000000744a00000, 0x0000000744c00000|  0%| F|  |TAMS 0x0000000744a00000, 0x0000000744a00000| Untracked 
|  24|0x0000000744c00000, 0x0000000744c00000, 0x0000000744e00000|  0%| F|  |TAMS 0x0000000744c00000, 0x0000000744c00000| Untracked 
|  25|0x0000000744e00000, 0x0000000744e00000, 0x0000000745000000|  0%| F|  |TAMS 0x0000000744e00000, 0x0000000744e00000| Untracked 
|  26|0x0000000745000000, 0x0000000745000000, 0x0000000745200000|  0%| F|  |TAMS 0x0000000745000000, 0x0000000745000000| Untracked 
|  27|0x0000000745200000, 0x0000000745200000, 0x0000000745400000|  0%| F|  |TAMS 0x0000000745200000, 0x0000000745200000| Untracked 
|  28|0x0000000745400000, 0x0000000745400000, 0x0000000745600000|  0%| F|  |TAMS 0x0000000745400000, 0x0000000745400000| Untracked 
|  29|0x0000000745600000, 0x0000000745600000, 0x0000000745800000|  0%| F|  |TAMS 0x0000000745600000, 0x0000000745600000| Untracked 
|  30|0x0000000745800000, 0x0000000745800000, 0x0000000745a00000|  0%| F|  |TAMS 0x0000000745800000, 0x0000000745800000| Untracked 
|  31|0x0000000745a00000, 0x0000000745a00000, 0x0000000745c00000|  0%| F|  |TAMS 0x0000000745a00000, 0x0000000745a00000| Untracked 
|  32|0x0000000745c00000, 0x0000000745c00000, 0x0000000745e00000|  0%| F|  |TAMS 0x0000000745c00000, 0x0000000745c00000| Untracked 
|  33|0x0000000745e00000, 0x0000000745e00000, 0x0000000746000000|  0%| F|  |TAMS 0x0000000745e00000, 0x0000000745e00000| Untracked 
|  34|0x0000000746000000, 0x0000000746000000, 0x0000000746200000|  0%| F|  |TAMS 0x0000000746000000, 0x0000000746000000| Untracked 
|  35|0x0000000746200000, 0x0000000746200000, 0x0000000746400000|  0%| F|  |TAMS 0x0000000746200000, 0x0000000746200000| Untracked 
|  36|0x0000000746400000, 0x0000000746400000, 0x0000000746600000|  0%| F|  |TAMS 0x0000000746400000, 0x0000000746400000| Untracked 
|  37|0x0000000746600000, 0x0000000746600000, 0x0000000746800000|  0%| F|  |TAMS 0x0000000746600000, 0x0000000746600000| Untracked 
|  38|0x0000000746800000, 0x0000000746800000, 0x0000000746a00000|  0%| F|  |TAMS 0x0000000746800000, 0x0000000746800000| Untracked 
|  39|0x0000000746a00000, 0x0000000746a00000, 0x0000000746c00000|  0%| F|  |TAMS 0x0000000746a00000, 0x0000000746a00000| Untracked 
|  40|0x0000000746c00000, 0x0000000746c00000, 0x0000000746e00000|  0%| F|  |TAMS 0x0000000746c00000, 0x0000000746c00000| Untracked 
|  41|0x0000000746e00000, 0x0000000746e00000, 0x0000000747000000|  0%| F|  |TAMS 0x0000000746e00000, 0x0000000746e00000| Untracked 
|  42|0x0000000747000000, 0x0000000747000000, 0x0000000747200000|  0%| F|  |TAMS 0x0000000747000000, 0x0000000747000000| Untracked 
|  43|0x0000000747200000, 0x0000000747200000, 0x0000000747400000|  0%| F|  |TAMS 0x0000000747200000, 0x0000000747200000| Untracked 
|  44|0x0000000747400000, 0x0000000747400000, 0x0000000747600000|  0%| F|  |TAMS 0x0000000747400000, 0x0000000747400000| Untracked 
|  45|0x0000000747600000, 0x0000000747600000, 0x0000000747800000|  0%| F|  |TAMS 0x0000000747600000, 0x0000000747600000| Untracked 
|  46|0x0000000747800000, 0x0000000747800000, 0x0000000747a00000|  0%| F|  |TAMS 0x0000000747800000, 0x0000000747800000| Untracked 
|  47|0x0000000747a00000, 0x0000000747a00000, 0x0000000747c00000|  0%| F|  |TAMS 0x0000000747a00000, 0x0000000747a00000| Untracked 
|  48|0x0000000747c00000, 0x0000000747c00000, 0x0000000747e00000|  0%| F|  |TAMS 0x0000000747c00000, 0x0000000747c00000| Untracked 
|  49|0x0000000747e00000, 0x0000000747e00000, 0x0000000748000000|  0%| F|  |TAMS 0x0000000747e00000, 0x0000000747e00000| Untracked 
|  50|0x0000000748000000, 0x0000000748000000, 0x0000000748200000|  0%| F|  |TAMS 0x0000000748000000, 0x0000000748000000| Untracked 
|  51|0x0000000748200000, 0x0000000748200000, 0x0000000748400000|  0%| F|  |TAMS 0x0000000748200000, 0x0000000748200000| Untracked 
|  52|0x0000000748400000, 0x0000000748400000, 0x0000000748600000|  0%| F|  |TAMS 0x0000000748400000, 0x0000000748400000| Untracked 
|  53|0x0000000748600000, 0x0000000748600000, 0x0000000748800000|  0%| F|  |TAMS 0x0000000748600000, 0x0000000748600000| Untracked 
|  54|0x0000000748800000, 0x0000000748800000, 0x0000000748a00000|  0%| F|  |TAMS 0x0000000748800000, 0x0000000748800000| Untracked 
|  55|0x0000000748a00000, 0x0000000748a00000, 0x0000000748c00000|  0%| F|  |TAMS 0x0000000748a00000, 0x0000000748a00000| Untracked 
|  56|0x0000000748c00000, 0x0000000748c00000, 0x0000000748e00000|  0%| F|  |TAMS 0x0000000748c00000, 0x0000000748c00000| Untracked 
|  57|0x0000000748e00000, 0x0000000748e00000, 0x0000000749000000|  0%| F|  |TAMS 0x0000000748e00000, 0x0000000748e00000| Untracked 
|  58|0x0000000749000000, 0x0000000749000000, 0x0000000749200000|  0%| F|  |TAMS 0x0000000749000000, 0x0000000749000000| Untracked 
|  59|0x0000000749200000, 0x0000000749200000, 0x0000000749400000|  0%| F|  |TAMS 0x0000000749200000, 0x0000000749200000| Untracked 
|  60|0x0000000749400000, 0x0000000749400000, 0x0000000749600000|  0%| F|  |TAMS 0x0000000749400000, 0x0000000749400000| Untracked 
|  61|0x0000000749600000, 0x0000000749600000, 0x0000000749800000|  0%| F|  |TAMS 0x0000000749600000, 0x0000000749600000| Untracked 
|  62|0x0000000749800000, 0x0000000749800000, 0x0000000749a00000|  0%| F|  |TAMS 0x0000000749800000, 0x0000000749800000| Untracked 
|  63|0x0000000749a00000, 0x0000000749a00000, 0x0000000749c00000|  0%| F|  |TAMS 0x0000000749a00000, 0x0000000749a00000| Untracked 
|  64|0x0000000749c00000, 0x0000000749c00000, 0x0000000749e00000|  0%| F|  |TAMS 0x0000000749c00000, 0x0000000749c00000| Untracked 
|  65|0x0000000749e00000, 0x0000000749e00000, 0x000000074a000000|  0%| F|  |TAMS 0x0000000749e00000, 0x0000000749e00000| Untracked 
|  66|0x000000074a000000, 0x000000074a000000, 0x000000074a200000|  0%| F|  |TAMS 0x000000074a000000, 0x000000074a000000| Untracked 
|  67|0x000000074a200000, 0x000000074a200000, 0x000000074a400000|  0%| F|  |TAMS 0x000000074a200000, 0x000000074a200000| Untracked 
|  68|0x000000074a400000, 0x000000074a400000, 0x000000074a600000|  0%| F|  |TAMS 0x000000074a400000, 0x000000074a400000| Untracked 
|  69|0x000000074a600000, 0x000000074a600000, 0x000000074a800000|  0%| F|  |TAMS 0x000000074a600000, 0x000000074a600000| Untracked 
|  70|0x000000074a800000, 0x000000074a800000, 0x000000074aa00000|  0%| F|  |TAMS 0x000000074a800000, 0x000000074a800000| Untracked 
|  71|0x000000074aa00000, 0x000000074aa00000, 0x000000074ac00000|  0%| F|  |TAMS 0x000000074aa00000, 0x000000074aa00000| Untracked 
|  72|0x000000074ac00000, 0x000000074ac00000, 0x000000074ae00000|  0%| F|  |TAMS 0x000000074ac00000, 0x000000074ac00000| Untracked 
|  73|0x000000074ae00000, 0x000000074ae00000, 0x000000074b000000|  0%| F|  |TAMS 0x000000074ae00000, 0x000000074ae00000| Untracked 
|  74|0x000000074b000000, 0x000000074b000000, 0x000000074b200000|  0%| F|  |TAMS 0x000000074b000000, 0x000000074b000000| Untracked 
|  75|0x000000074b200000, 0x000000074b200000, 0x000000074b400000|  0%| F|  |TAMS 0x000000074b200000, 0x000000074b200000| Untracked 
|  76|0x000000074b400000, 0x000000074b400000, 0x000000074b600000|  0%| F|  |TAMS 0x000000074b400000, 0x000000074b400000| Untracked 
|  77|0x000000074b600000, 0x000000074b600000, 0x000000074b800000|  0%| F|  |TAMS 0x000000074b600000, 0x000000074b600000| Untracked 
|  78|0x000000074b800000, 0x000000074b800000, 0x000000074ba00000|  0%| F|  |TAMS 0x000000074b800000, 0x000000074b800000| Untracked 
|  79|0x000000074ba00000, 0x000000074ba00000, 0x000000074bc00000|  0%| F|  |TAMS 0x000000074ba00000, 0x000000074ba00000| Untracked 
|  80|0x000000074bc00000, 0x000000074bc00000, 0x000000074be00000|  0%| F|  |TAMS 0x000000074bc00000, 0x000000074bc00000| Untracked 
|  81|0x000000074be00000, 0x000000074be00000, 0x000000074c000000|  0%| F|  |TAMS 0x000000074be00000, 0x000000074be00000| Untracked 
|  82|0x000000074c000000, 0x000000074c000000, 0x000000074c200000|  0%| F|  |TAMS 0x000000074c000000, 0x000000074c000000| Untracked 
|  83|0x000000074c200000, 0x000000074c271b40, 0x000000074c400000| 22%| S|CS|TAMS 0x000000074c200000, 0x000000074c200000| Complete 
|  84|0x000000074c400000, 0x000000074c600000, 0x000000074c600000|100%| S|CS|TAMS 0x000000074c400000, 0x000000074c400000| Complete 
|  85|0x000000074c600000, 0x000000074c600000, 0x000000074c800000|  0%| F|  |TAMS 0x000000074c600000, 0x000000074c600000| Untracked 
|  86|0x000000074c800000, 0x000000074c800000, 0x000000074ca00000|  0%| F|  |TAMS 0x000000074c800000, 0x000000074c800000| Untracked 
|  87|0x000000074ca00000, 0x000000074ca00000, 0x000000074cc00000|  0%| F|  |TAMS 0x000000074ca00000, 0x000000074ca00000| Untracked 
|  88|0x000000074cc00000, 0x000000074cc00000, 0x000000074ce00000|  0%| F|  |TAMS 0x000000074cc00000, 0x000000074cc00000| Untracked 
|  89|0x000000074ce00000, 0x000000074ce00000, 0x000000074d000000|  0%| F|  |TAMS 0x000000074ce00000, 0x000000074ce00000| Untracked 
|  90|0x000000074d000000, 0x000000074d000000, 0x000000074d200000|  0%| F|  |TAMS 0x000000074d000000, 0x000000074d000000| Untracked 
|  91|0x000000074d200000, 0x000000074d200000, 0x000000074d400000|  0%| F|  |TAMS 0x000000074d200000, 0x000000074d200000| Untracked 
|  92|0x000000074d400000, 0x000000074d583430, 0x000000074d600000| 75%| E|  |TAMS 0x000000074d400000, 0x000000074d400000| Complete 
|  93|0x000000074d600000, 0x000000074d800000, 0x000000074d800000|100%| E|CS|TAMS 0x000000074d600000, 0x000000074d600000| Complete 
|  94|0x000000074d800000, 0x000000074da00000, 0x000000074da00000|100%| E|CS|TAMS 0x000000074d800000, 0x000000074d800000| Complete 
|  95|0x000000074da00000, 0x000000074dc00000, 0x000000074dc00000|100%| E|CS|TAMS 0x000000074da00000, 0x000000074da00000| Complete 

Card table byte_map: [0x0000023122700000,0x0000023122d00000] _byte_map_base: 0x000002311ecf2000

Marking Bits (Prev, Next): (CMBitMap*) 0x000002310f947720, (CMBitMap*) 0x000002310f947760
 Prev Bits: [0x0000023123300000, 0x0000023126290000)
 Next Bits: [0x0000023126290000, 0x0000023129220000)

Polling page: 0x000002310d870000

Metaspace:

Usage:
  Non-class:     12.48 MB used.
      Class:      1.36 MB used.
       Both:     13.84 MB used.

Virtual space:
  Non-class space:       64.00 MB reserved,      12.50 MB ( 20%) committed,  1 nodes.
      Class space:        1.00 GB reserved,       1.44 MB ( <1%) committed,  1 nodes.
             Both:        1.06 GB reserved,      13.94 MB (  1%) committed. 

Chunk freelists:
   Non-Class:  3.30 MB
       Class:  14.58 MB
        Both:  17.88 MB

MaxMetaspaceSize: unlimited
CompressedClassSpaceSize: 1.00 GB
Initial GC threshold: 21.00 MB
Current GC threshold: 21.00 MB
CDS: off
MetaspaceReclaimPolicy: balanced
 - commit_granule_bytes: 65536.
 - commit_granule_words: 8192.
 - virtual_space_node_default_size: 8388608.
 - enlarge_chunks_in_place: 1.
 - new_chunks_are_fully_committed: 0.
 - uncommit_free_chunks: 1.
 - use_allocation_guard: 0.
 - handle_deallocations: 1.


Internal statistics:

num_allocs_failed_limit: 0.
num_arena_births: 6.
num_arena_deaths: 0.
num_vsnodes_births: 2.
num_vsnodes_deaths: 0.
num_space_committed: 223.
num_space_uncommitted: 0.
num_chunks_returned_to_freelist: 0.
num_chunks_taken_from_freelist: 229.
num_chunk_merges: 0.
num_chunk_splits: 207.
num_chunks_enlarged: 200.
num_inconsistent_stats: 0.

CodeHeap 'non-profiled nmethods': size=120000Kb used=200Kb max_used=200Kb free=119799Kb
 bounds [0x000002311a890000, 0x000002311ab00000, 0x0000023121dc0000]
CodeHeap 'profiled nmethods': size=120000Kb used=1301Kb max_used=1301Kb free=118698Kb
 bounds [0x0000023112dc0000, 0x0000023113030000, 0x000002311a2f0000]
CodeHeap 'non-nmethods': size=5760Kb used=1143Kb max_used=1159Kb free=4616Kb
 bounds [0x000002311a2f0000, 0x000002311a560000, 0x000002311a890000]
 total_blobs=1168 nmethods=739 adapters=342
 compilation: enabled
              stopped_count=0, restarted_count=0
 full_count=0

Compilation events (20 events):
Event: 1.259 Thread 0x0000023130072910 nmethod 732 0x0000023112f00c90 code [0x0000023112f00e80, 0x0000023112f01568]
Event: 1.259 Thread 0x0000023130072910  733       3       java.lang.Integer::valueOf (32 bytes)
Event: 1.259 Thread 0x0000023130072910 nmethod 733 0x0000023112f01710 code [0x0000023112f018c0, 0x0000023112f01bd8]
Event: 1.259 Thread 0x0000023130072910  734       3       kotlin.reflect.jvm.internal.impl.protobuf.SmallSortedMap::checkMutable (16 bytes)
Event: 1.260 Thread 0x0000023130072910 nmethod 734 0x0000023112f01d10 code [0x0000023112f01ec0, 0x0000023112f020e8]
Event: 1.260 Thread 0x0000023130072910  735       3       kotlin.reflect.jvm.internal.impl.protobuf.SmallSortedMap::binarySearchInArray (133 bytes)
Event: 1.261 Thread 0x0000023130072910 nmethod 735 0x0000023112f02210 code [0x0000023112f02440, 0x0000023112f02ea8]
Event: 1.262 Thread 0x0000023130072910  736       3       java.util.Collections::unmodifiableList (47 bytes)
Event: 1.262 Thread 0x0000023130072910 nmethod 736 0x0000023112f03190 code [0x0000023112f033c0, 0x0000023112f03e58]
Event: 1.266 Thread 0x0000023130072910  737       3       kotlin.reflect.jvm.internal.impl.protobuf.GeneratedMessageLite$ExtensionDescriptor::getLiteJavaType (8 bytes)
Event: 1.266 Thread 0x0000023130072910 nmethod 737 0x0000023112f04110 code [0x0000023112f042a0, 0x0000023112f04458]
Event: 1.268 Thread 0x0000023130072910  738       3       kotlin.reflect.jvm.internal.impl.protobuf.WireFormat::getTagFieldNumber (4 bytes)
Event: 1.268 Thread 0x0000023130072910 nmethod 738 0x0000023112f04510 code [0x0000023112f046a0, 0x0000023112f04798]
Event: 1.269 Thread 0x0000023130072910  739       3       kotlin.reflect.jvm.internal.impl.metadata.ProtoBuf$ValueParameter::initFields (35 bytes)
Event: 1.269 Thread 0x0000023130072910 nmethod 739 0x0000023112f04810 code [0x0000023112f049c0, 0x0000023112f04c98]
Event: 1.269 Thread 0x0000023130072910  740       3       kotlin.reflect.jvm.internal.impl.metadata.ProtoBuf$ValueParameter$1::parsePartialFrom (7 bytes)
Event: 1.269 Thread 0x0000023130072910 nmethod 740 0x0000023112f04d90 code [0x0000023112f04f20, 0x0000023112f05068]
Event: 1.269 Thread 0x0000023130072910  741       3       kotlin.reflect.jvm.internal.impl.metadata.ProtoBuf$ValueParameter$1::parsePartialFrom (11 bytes)
Event: 1.269 Thread 0x0000023130072910 nmethod 741 0x0000023112f05110 code [0x0000023112f052c0, 0x0000023112f054c8]
Event: 1.270 Thread 0x0000023130072910  746   !   3       kotlin.reflect.jvm.internal.impl.metadata.ProtoBuf$Type::<init> (875 bytes)

GC Heap History (2 events):
Event: 1.002 GC heap before
{Heap before GC invocations=0 (full 0):
 garbage-first heap   total 196608K, used 24576K [0x0000000741c00000, 0x0000000800000000)
  region size 2048K, 11 young (22528K), 0 survivors (0K)
 Metaspace       used 12916K, committed 12992K, reserved 1114112K
  class space    used 1234K, committed 1280K, reserved 1048576K
}
Event: 1.013 GC heap after
{Heap after GC invocations=1 (full 0):
 garbage-first heap   total 196608K, used 6598K [0x0000000741c00000, 0x0000000800000000)
  region size 2048K, 2 young (4096K), 2 survivors (4096K)
 Metaspace       used 12916K, committed 12992K, reserved 1114112K
  class space    used 1234K, committed 1280K, reserved 1048576K
}

Dll operation events (1 events):
Event: 0.020 Loaded shared library C:\Program Files\Android\Android Studio\jbr\bin\java.dll

Deoptimization events (20 events):
Event: 0.845 Thread 0x000002310f8ed6e0 DEOPT PACKING pc=0x0000023112e097c8 sp=0x0000004f4fdf7890
Event: 0.845 Thread 0x000002310f8ed6e0 DEOPT UNPACKING pc=0x000002311a347143 sp=0x0000004f4fdf6da8 mode 0
Event: 0.865 Thread 0x000002310f8ed6e0 DEOPT PACKING pc=0x0000023112e0ede5 sp=0x0000004f4fdfc380
Event: 0.866 Thread 0x000002310f8ed6e0 DEOPT UNPACKING pc=0x000002311a347143 sp=0x0000004f4fdfb7d0 mode 0
Event: 1.000 Thread 0x000002310f8ed6e0 Uncommon trap: trap_request=0xffffff3d fr.pc=0x000002311a8b08e4 relative=0x0000000000000064
Event: 1.000 Thread 0x000002310f8ed6e0 Uncommon trap: reason=unstable_fused_if action=reinterpret pc=0x000002311a8b08e4 method=java.lang.Integer.valueOf(I)Ljava/lang/Integer; @ 3 c2
Event: 1.000 Thread 0x000002310f8ed6e0 DEOPT PACKING pc=0x000002311a8b08e4 sp=0x0000004f4fdfd960
Event: 1.000 Thread 0x000002310f8ed6e0 DEOPT UNPACKING pc=0x000002311a3469a3 sp=0x0000004f4fdfd8f8 mode 2
Event: 1.252 Thread 0x000002310f8ed6e0 Uncommon trap: trap_request=0xffffffc6 fr.pc=0x000002311a8c0bfc relative=0x00000000000004fc
Event: 1.252 Thread 0x000002310f8ed6e0 Uncommon trap: reason=bimorphic_or_optimized_type_check action=maybe_recompile pc=0x000002311a8c0bfc method=kotlin.reflect.jvm.internal.impl.protobuf.CodedInputStream.tryRefillBuffer(I)Z @ 175 c2
Event: 1.252 Thread 0x000002310f8ed6e0 DEOPT PACKING pc=0x000002311a8c0bfc sp=0x0000004f4fdfbd40
Event: 1.252 Thread 0x000002310f8ed6e0 DEOPT UNPACKING pc=0x000002311a3469a3 sp=0x0000004f4fdfbc28 mode 2
Event: 1.257 Thread 0x000002310f8ed6e0 Uncommon trap: trap_request=0xffffff45 fr.pc=0x000002311a8bd204 relative=0x00000000000001e4
Event: 1.257 Thread 0x000002310f8ed6e0 Uncommon trap: reason=unstable_if action=reinterpret pc=0x000002311a8bd204 method=kotlin.reflect.jvm.internal.impl.protobuf.CodedInputStream.readRawVarint32()I @ 10 c2
Event: 1.257 Thread 0x000002310f8ed6e0 DEOPT PACKING pc=0x000002311a8bd204 sp=0x0000004f4fdfba60
Event: 1.257 Thread 0x000002310f8ed6e0 DEOPT UNPACKING pc=0x000002311a3469a3 sp=0x0000004f4fdfb9e0 mode 2
Event: 1.272 Thread 0x000002310f8ed6e0 Uncommon trap: trap_request=0xffffffc6 fr.pc=0x000002311a8c0bfc relative=0x00000000000004fc
Event: 1.272 Thread 0x000002310f8ed6e0 Uncommon trap: reason=bimorphic_or_optimized_type_check action=maybe_recompile pc=0x000002311a8c0bfc method=kotlin.reflect.jvm.internal.impl.protobuf.CodedInputStream.tryRefillBuffer(I)Z @ 175 c2
Event: 1.272 Thread 0x000002310f8ed6e0 DEOPT PACKING pc=0x000002311a8c0bfc sp=0x0000004f4fdfb7a0
Event: 1.272 Thread 0x000002310f8ed6e0 DEOPT UNPACKING pc=0x000002311a3469a3 sp=0x0000004f4fdfb688 mode 2

Classes unloaded (0 events):
No events

Classes redefined (0 events):
No events

Internal exceptions (0 events):
No events

VM Operations (6 events):
Event: 0.183 Executing VM operation: HandshakeAllThreads
Event: 0.183 Executing VM operation: HandshakeAllThreads done
Event: 0.546 Executing VM operation: HandshakeAllThreads
Event: 0.546 Executing VM operation: HandshakeAllThreads done
Event: 1.002 Executing VM operation: G1CollectForAllocation
Event: 1.013 Executing VM operation: G1CollectForAllocation done

Events (20 events):
Event: 1.166 loading class jdk/internal/reflect/UnsafeQualifiedStaticFieldAccessorImpl done
Event: 1.166 loading class jdk/internal/reflect/UnsafeQualifiedStaticObjectFieldAccessorImpl done
Event: 1.234 loading class sun/reflect/generics/repository/ClassRepository
Event: 1.234 loading class sun/reflect/generics/repository/GenericDeclRepository
Event: 1.234 loading class sun/reflect/generics/repository/AbstractRepository
Event: 1.234 loading class sun/reflect/generics/repository/AbstractRepository done
Event: 1.234 loading class sun/reflect/generics/repository/GenericDeclRepository done
Event: 1.234 loading class sun/reflect/generics/repository/ClassRepository done
Event: 1.234 loading class sun/reflect/generics/tree/FormalTypeParameter
Event: 1.234 loading class sun/reflect/generics/tree/FormalTypeParameter done
Event: 1.234 loading class sun/reflect/generics/tree/ClassSignature
Event: 1.234 loading class sun/reflect/generics/tree/Signature
Event: 1.234 loading class sun/reflect/generics/tree/Signature done
Event: 1.234 loading class sun/reflect/generics/tree/ClassSignature done
Event: 1.234 loading class java/lang/reflect/TypeVariable
Event: 1.234 loading class java/lang/reflect/TypeVariable done
Event: 1.236 loading class java/lang/reflect/AnnotatedType
Event: 1.236 loading class java/lang/reflect/AnnotatedType done
Event: 1.246 loading class java/io/DataInputStream
Event: 1.246 loading class java/io/DataInputStream done


Dynamic libraries:
0x00007ff614670000 - 0x00007ff61467a000 	C:\Program Files\Android\Android Studio\jbr\bin\java.exe
0x00007ff8a0cf0000 - 0x00007ff8a0f07000 	C:\WINDOWS\SYSTEM32\ntdll.dll
0x00007ff89ec70000 - 0x00007ff89ed34000 	C:\WINDOWS\System32\KERNEL32.DLL
0x00007ff89e300000 - 0x00007ff89e6ba000 	C:\WINDOWS\System32\KERNELBASE.dll
0x00007ff89e850000 - 0x00007ff89e961000 	C:\WINDOWS\System32\ucrtbase.dll
0x00007ff820200000 - 0x00007ff820217000 	C:\Program Files\Android\Android Studio\jbr\bin\jli.dll
0x00007ff80dd50000 - 0x00007ff80dd6b000 	C:\Program Files\Android\Android Studio\jbr\bin\VCRUNTIME140.dll
0x00007ff89fb90000 - 0x00007ff89fd3e000 	C:\WINDOWS\System32\USER32.dll
0x00007ff886470000 - 0x00007ff886702000 	C:\WINDOWS\WinSxS\amd64_microsoft.windows.common-controls_6595b64144ccf1df_6.0.22621.4541_none_2710d1c57384c085\COMCTL32.dll
0x00007ff89e0e0000 - 0x00007ff89e106000 	C:\WINDOWS\System32\win32u.dll
0x00007ff89fd40000 - 0x00007ff89fde7000 	C:\WINDOWS\System32\msvcrt.dll
0x00007ff8a0c80000 - 0x00007ff8a0ca9000 	C:\WINDOWS\System32\GDI32.dll
0x00007ff89dfc0000 - 0x00007ff89e0db000 	C:\WINDOWS\System32\gdi32full.dll
0x00007ff89e6c0000 - 0x00007ff89e75a000 	C:\WINDOWS\System32\msvcp_win.dll
0x00007ff89fb30000 - 0x00007ff89fb61000 	C:\WINDOWS\System32\IMM32.DLL
0x00007ff80dd40000 - 0x00007ff80dd4c000 	C:\Program Files\Android\Android Studio\jbr\bin\vcruntime140_1.dll
0x00007ff80dcb0000 - 0x00007ff80dd3d000 	C:\Program Files\Android\Android Studio\jbr\bin\msvcp140.dll
0x00007ff820b00000 - 0x00007ff821783000 	C:\Program Files\Android\Android Studio\jbr\bin\server\jvm.dll
0x00007ff89ed40000 - 0x00007ff89edf2000 	C:\WINDOWS\System32\ADVAPI32.dll
0x00007ff89efe0000 - 0x00007ff89f087000 	C:\WINDOWS\System32\sechost.dll
0x00007ff89e760000 - 0x00007ff89e788000 	C:\WINDOWS\System32\bcrypt.dll
0x00007ff89eb40000 - 0x00007ff89ec54000 	C:\WINDOWS\System32\RPCRT4.dll
0x00007ff89ce10000 - 0x00007ff89ce5d000 	C:\WINDOWS\SYSTEM32\POWRPROF.dll
0x00007ff87a070000 - 0x00007ff87a079000 	C:\WINDOWS\SYSTEM32\WSOCK32.dll
0x00007ff8998d0000 - 0x00007ff899904000 	C:\WINDOWS\SYSTEM32\WINMM.dll
0x00007ff8998a0000 - 0x00007ff8998aa000 	C:\WINDOWS\SYSTEM32\VERSION.dll
0x00007ff8a0270000 - 0x00007ff8a02e1000 	C:\WINDOWS\System32\WS2_32.dll
0x00007ff89cdf0000 - 0x00007ff89ce03000 	C:\WINDOWS\SYSTEM32\UMPDC.dll
0x00007ff89d0b0000 - 0x00007ff89d0c8000 	C:\WINDOWS\SYSTEM32\kernel.appcore.dll
0x00007ff865670000 - 0x00007ff86567a000 	C:\Program Files\Android\Android Studio\jbr\bin\jimage.dll
0x00007ff89b890000 - 0x00007ff89bac2000 	C:\WINDOWS\SYSTEM32\DBGHELP.DLL
0x00007ff89fee0000 - 0x00007ff8a026f000 	C:\WINDOWS\System32\combase.dll
0x00007ff89ea60000 - 0x00007ff89eb37000 	C:\WINDOWS\System32\OLEAUT32.dll
0x00007ff886950000 - 0x00007ff886982000 	C:\WINDOWS\SYSTEM32\dbgcore.DLL
0x00007ff89e970000 - 0x00007ff89e9eb000 	C:\WINDOWS\System32\bcryptPrimitives.dll
0x00007ff820ad0000 - 0x00007ff820af5000 	C:\Program Files\Android\Android Studio\jbr\bin\java.dll
0x00007ff8206c0000 - 0x00007ff8206d8000 	C:\Program Files\Android\Android Studio\jbr\bin\zip.dll
0x00007ff8a0300000 - 0x00007ff8a0b78000 	C:\WINDOWS\System32\SHELL32.dll
0x00007ff89beb0000 - 0x00007ff89c7b8000 	C:\WINDOWS\SYSTEM32\windows.storage.dll
0x00007ff89bd70000 - 0x00007ff89beaf000 	C:\WINDOWS\SYSTEM32\wintypes.dll
0x00007ff8a0b80000 - 0x00007ff8a0c7a000 	C:\WINDOWS\System32\SHCORE.dll
0x00007ff89f090000 - 0x00007ff89f0ee000 	C:\WINDOWS\System32\shlwapi.dll
0x00007ff89def0000 - 0x00007ff89df1b000 	C:\WINDOWS\SYSTEM32\profapi.dll
0x00007ff8206a0000 - 0x00007ff8206b9000 	C:\Program Files\Android\Android Studio\jbr\bin\net.dll
0x00007ff8971f0000 - 0x00007ff897326000 	C:\WINDOWS\SYSTEM32\WINHTTP.dll
0x00007ff89d530000 - 0x00007ff89d599000 	C:\WINDOWS\system32\mswsock.dll
0x00007ff820680000 - 0x00007ff820696000 	C:\Program Files\Android\Android Studio\jbr\bin\nio.dll

dbghelp: loaded successfully - version: 4.0.5 - missing functions: none
symbol engine: initialized successfully - sym options: 0x614 - pdb path: .;C:\Program Files\Android\Android Studio\jbr\bin;C:\WINDOWS\SYSTEM32;C:\WINDOWS\WinSxS\amd64_microsoft.windows.common-controls_6595b64144ccf1df_6.0.22621.4541_none_2710d1c57384c085;C:\Program Files\Android\Android Studio\jbr\bin\server

VM Arguments:
java_command: org.jetbrains.kotlin.cli.jvm.K2JVMCompiler @C:\Users\HP 15-cx0098ur\AndroidStudioProjects\MyApplication2\app\build\20250101_16846119740082619875.compiler.options
java_class_path (initial): C:\Users\HP 15-cx0098ur\.gradle\caches\modules-2\files-2.1\org.jetbrains.kotlin\kotlin-compiler-embeddable\1.9.0\2c8c3a7402becca891f12739b3e9fd2dc2adbd7a\kotlin-compiler-embeddable-1.9.0.jar;C:\Users\HP 15-cx0098ur\.gradle\caches\modules-2\files-2.1\org.jetbrains.kotlin\kotlin-stdlib\1.9.0\8ee15ef0c67dc83d874f412d84378d7f0eb50b63\kotlin-stdlib-1.9.0.jar;C:\Users\HP 15-cx0098ur\.gradle\caches\modules-2\files-2.1\org.jetbrains.kotlin\kotlin-script-runtime\1.9.0\4b3102cbbb7e1b58d9d1adf89563f00069ffa7d1\kotlin-script-runtime-1.9.0.jar;C:\Users\HP 15-cx0098ur\.gradle\caches\modules-2\files-2.1\org.jetbrains.kotlin\kotlin-reflect\1.6.10\1cbe9c92c12a94eea200d23c2bbaedaf3daf5132\kotlin-reflect-1.6.10.jar;C:\Users\HP 15-cx0098ur\.gradle\caches\modules-2\files-2.1\org.jetbrains.kotlin\kotlin-daemon-embeddable\1.9.0\186543f5e28cf8d9a0290fecc2cf34301c40a65c\kotlin-daemon-embeddable-1.9.0.jar;C:\Users\HP 15-cx0098ur\.gradle\caches\modules-2\files-2.1\org.jetbrains.intellij.deps\trove4j\1.0.20200330\3afb14d5f9ceb459d724e907a21145e8ff394f02\trove4j-1.0.20200330.jar;C:\Users\HP 15-cx0098ur\.gradle\caches\modules-2\files-2.1\org.jetbrains.kotlin\kotlin-stdlib-common\1.9.0\cd65c21cfd1eec4d44ef09f9f52b6d9f8a720636\kotlin-stdlib-common-1.9.0.jar;C:\Users\HP 15-cx0098ur\.gradle\caches\modules-2\files-2.1\org.jetbrains\annotations\13.0\919f0dfe192fb4e063e7dacadee7f8bb9a2672a9\annotations-13.0.jar
Launcher Type: SUN_STANDARD

[Global flags]
     intx CICompilerCount                          = 4                                         {product} {ergonomic}
     uint ConcGCThreads                            = 2                                         {product} {ergonomic}
     uint G1ConcRefinementThreads                  = 8                                         {product} {ergonomic}
   size_t G1HeapRegionSize                         = 2097152                                   {product} {ergonomic}
    uintx GCDrainStackTargetSize                   = 64                                        {product} {ergonomic}
   size_t InitialHeapSize                          = 201326592                                 {product} {ergonomic}
   size_t MarkStackSize                            = 4194304                                   {product} {ergonomic}
   size_t MaxHeapSize                              = 3191865344                                {product} {ergonomic}
   size_t MaxNewSize                               = 1914699776                                {product} {ergonomic}
   size_t MinHeapDeltaBytes                        = 2097152                                   {product} {ergonomic}
   size_t MinHeapSize                              = 8388608                                   {product} {ergonomic}
    uintx NonNMethodCodeHeapSize                   = 5839372                                {pd product} {ergonomic}
    uintx NonProfiledCodeHeapSize                  = 122909434                              {pd product} {ergonomic}
    uintx ProfiledCodeHeapSize                     = 122909434                              {pd product} {ergonomic}
    uintx ReservedCodeCacheSize                    = 251658240                              {pd product} {ergonomic}
     bool SegmentedCodeCache                       = true                                      {product} {ergonomic}
   size_t SoftMaxHeapSize                          = 3191865344                             {manageable} {ergonomic}
     bool UseCompressedClassPointers               = true                           {product lp64_product} {ergonomic}
     bool UseCompressedOops                        = true                           {product lp64_product} {ergonomic}
     bool UseG1GC                                  = true                                      {product} {ergonomic}
     bool UseLargePagesIndividualAllocation        = false                                  {pd product} {ergonomic}

Logging:
Log output configuration:
 #0: stdout all=warning uptime,level,tags
 #1: stderr all=off uptime,level,tags

Environment Variables:
JAVA_HOME=C:\Program Files\Java\jdk1.8.0_231
PATH=C:\Program Files (x86)\VMware\VMware Workstation\bin\;%M2%;C:\Program Files (x86)\Common Files\Oracle\Java\javapath;C:\ProgramData\Oracle\Java\javapath;C:\Program Files (x86)\Intel\Intel(R) Management Engine Components\iCLS\;C:\Program Files\Intel\Intel(R) Management Engine Components\iCLS\;C:\windows\system32;C:\windows;C:\windows\System32\Wbem;C:\windows\System32\WindowsPowerShell\v1.0\;C:\windows\System32\OpenSSH\;C:\Program Files (x86)\Intel\Intel(R) Management Engine Components\DAL;C:\Program Files\Intel\Intel(R) Management Engine Components\DAL;C:\Program Files (x86)\Intel\Intel(R) Management Engine Components\IPT;C:\Program Files\Intel\Intel(R) Management Engine Components\IPT;C:\Program Files (x86)\NVIDIA Corporation\PhysX\Common;C:\WINDOWS\system32;C:\WINDOWS;C:\WINDOWS\System32\Wbem;C:\WINDOWS\System32\WindowsPowerShell\v1.0\;C:\WINDOWS\System32\OpenSSH\;C:\WINDOWS\system32;C:\WINDOWS;C:\WINDOWS\System32\Wbem;C:\WINDOWS\System32\WindowsPowerShell\v1.0\;C:\WINDOWS\System32\OpenSSH\;C:\Program Files\Maven\bin;C:\Program Files (x86)\dotnet\;C:\Program Files (x86)\Microsoft SQL Server\100\Tools\Binn\;C:\Program Files\Microsoft SQL Server\100\Tools\Binn\;C:\Program Files\Microsoft SQL Server\100\DTS\Binn\;C:\Program Files\WireGuard\;C:\Program Files\nodejs\;C:\Program Files\dotnet\;C:\Program Files\Git\cmd;C:\Program Files\PowerShell\7\;C:\Program Files\NVIDIA Corporation\NVIDIA app\NvDLISR;C:\Users\HP 15-cx0098ur\AppData\Local\Programs\Python\Python39\Scripts\;C:\Users\HP 15-cx0098ur\AppData\Local\Programs\Python\Python39\;C:\Users\HP 15-cx0098ur\AppData\Local\Microsoft\WindowsApps;C:\Program Files\Maven\bin;;C:\Program Files\JetBrains\IntelliJ IDEA 2022.3.2\bin;;C:\Users\HP 15-cx0098ur\AppData\Local\Programs\Microsoft VS Code\bin;C:\Users\HP 15-cx0098ur\AppData\Roaming\npm
USERNAME=HP
OS=Windows_NT
PROCESSOR_IDENTIFIER=Intel64 Family 6 Model 158 Stepping 10, GenuineIntel
TMP=C:\Users\HP15-C~1\AppData\Local\Temp
TEMP=C:\Users\HP15-C~1\AppData\Local\Temp



Periodic native trim disabled

JNI global refs:
JNI global refs: 10, weak refs: 21

JNI global refs memory usage: 843, weak refs: 841

Process memory usage:
Resident Set Size: 82260K (0% of 12461172K total physical memory with 1268148K free physical memory)

OOME stack traces (most recent first):
Classloader memory used:
